{"C:\\Users\\petit\\Projects\\EpiTrello2025\\EpiTrello2025\\apps\\api\\src\\app.module.ts": {"path":"C:\\Users\\petit\\Projects\\EpiTrello2025\\EpiTrello2025\\apps\\api\\src\\app.module.ts","statementMap":{"0":{"start":{"line":1,"column":0},"end":{"line":1,"column":40}},"1":{"start":{"line":2,"column":0},"end":{"line":2,"column":46}},"2":{"start":{"line":3,"column":0},"end":{"line":3,"column":48}},"3":{"start":{"line":4,"column":0},"end":{"line":4,"column":66}},"4":{"start":{"line":5,"column":0},"end":{"line":5,"column":54}},"5":{"start":{"line":6,"column":0},"end":{"line":6,"column":51}},"6":{"start":{"line":7,"column":0},"end":{"line":7,"column":51}},"7":{"start":{"line":8,"column":0},"end":{"line":8,"column":54}},"8":{"start":{"line":9,"column":0},"end":{"line":9,"column":75}},"9":{"start":{"line":10,"column":0},"end":{"line":10,"column":60}},"10":{"start":{"line":11,"column":0},"end":{"line":11,"column":69}},"11":{"start":{"line":12,"column":0},"end":{"line":12,"column":66}},"12":{"start":{"line":13,"column":0},"end":{"line":13,"column":54}},"13":{"start":{"line":14,"column":0},"end":{"line":14,"column":66}},"14":{"start":{"line":36,"column":7},"end":{"line":36,"column":null}},"15":{"start":{"line":36,"column":13},"end":{"line":36,"column":22}},"16":{"start":{"line":36,"column":13},"end":{"line":36,"column":null}}},"fnMap":{},"branchMap":{},"s":{"0":0,"1":0,"2":0,"3":0,"4":0,"5":0,"6":0,"7":0,"8":0,"9":0,"10":0,"11":0,"12":0,"13":0,"14":0,"15":0,"16":0},"f":{},"b":{}}
,"C:\\Users\\petit\\Projects\\EpiTrello2025\\EpiTrello2025\\apps\\api\\src\\main.ts": {"path":"C:\\Users\\petit\\Projects\\EpiTrello2025\\EpiTrello2025\\apps\\api\\src\\main.ts","statementMap":{"0":{"start":{"line":1,"column":0},"end":{"line":1,"column":43}},"1":{"start":{"line":2,"column":0},"end":{"line":2,"column":41}},"2":{"start":{"line":3,"column":0},"end":{"line":3,"column":48}},"3":{"start":{"line":5,"column":0},"end":{"line":5,"column":28}},"4":{"start":{"line":8,"column":14},"end":{"line":8,"column":73}},"5":{"start":{"line":11,"column":2},"end":{"line":13,"column":5}},"6":{"start":{"line":16,"column":2},"end":{"line":21,"column":5}},"7":{"start":{"line":24,"column":2},"end":{"line":24,"column":43}},"8":{"start":{"line":26,"column":15},"end":{"line":26,"column":39}},"9":{"start":{"line":27,"column":2},"end":{"line":27,"column":25}},"10":{"start":{"line":28,"column":2},"end":{"line":28,"column":60}},"11":{"start":{"line":29,"column":2},"end":{"line":29,"column":82}},"12":{"start":{"line":31,"column":0},"end":{"line":31,"column":12}}},"fnMap":{"0":{"name":"bootstrap","decl":{"start":{"line":7,"column":15},"end":{"line":7,"column":24}},"loc":{"start":{"line":7,"column":24},"end":{"line":30,"column":1}}}},"branchMap":{"0":{"loc":{"start":{"line":26,"column":15},"end":{"line":26,"column":39}},"type":"binary-expr","locations":[{"start":{"line":26,"column":15},"end":{"line":26,"column":31}},{"start":{"line":26,"column":35},"end":{"line":26,"column":39}}]}},"s":{"0":0,"1":0,"2":0,"3":0,"4":0,"5":0,"6":0,"7":0,"8":0,"9":0,"10":0,"11":0,"12":0},"f":{"0":0},"b":{"0":[0,0]}}
,"C:\\Users\\petit\\Projects\\EpiTrello2025\\EpiTrello2025\\apps\\api\\src\\prisma.service.ts": {"path":"C:\\Users\\petit\\Projects\\EpiTrello2025\\EpiTrello2025\\apps\\api\\src\\prisma.service.ts","statementMap":{"0":{"start":{"line":1,"column":0},"end":{"line":1,"column":58}},"1":{"start":{"line":2,"column":0},"end":{"line":2,"column":46}},"2":{"start":{"line":5,"column":7},"end":{"line":9,"column":null}},"3":{"start":{"line":7,"column":4},"end":{"line":7,"column":26}},"4":{"start":{"line":5,"column":13},"end":{"line":5,"column":26}},"5":{"start":{"line":5,"column":13},"end":{"line":9,"column":null}}},"fnMap":{"0":{"name":"(anonymous_1)","decl":{"start":{"line":6,"column":2},"end":{"line":6,"column":7}},"loc":{"start":{"line":6,"column":20},"end":{"line":8,"column":3}}}},"branchMap":{},"s":{"0":6,"1":6,"2":6,"3":0,"4":6,"5":6},"f":{"0":0},"b":{}}
,"C:\\Users\\petit\\Projects\\EpiTrello2025\\EpiTrello2025\\apps\\api\\src\\activities\\activities.module.ts": {"path":"C:\\Users\\petit\\Projects\\EpiTrello2025\\EpiTrello2025\\apps\\api\\src\\activities\\activities.module.ts","statementMap":{"0":{"start":{"line":1,"column":0},"end":{"line":1,"column":40}},"1":{"start":{"line":2,"column":0},"end":{"line":2,"column":57}},"2":{"start":{"line":3,"column":0},"end":{"line":3,"column":50}},"3":{"start":{"line":10,"column":7},"end":{"line":10,"column":null}},"4":{"start":{"line":10,"column":13},"end":{"line":10,"column":29}},"5":{"start":{"line":10,"column":13},"end":{"line":10,"column":null}}},"fnMap":{},"branchMap":{},"s":{"0":0,"1":0,"2":0,"3":0,"4":0,"5":0},"f":{},"b":{}}
,"C:\\Users\\petit\\Projects\\EpiTrello2025\\EpiTrello2025\\apps\\api\\src\\activities\\activities.service.ts": {"path":"C:\\Users\\petit\\Projects\\EpiTrello2025\\EpiTrello2025\\apps\\api\\src\\activities\\activities.service.ts","statementMap":{"0":{"start":{"line":1,"column":0},"end":{"line":1,"column":44}},"1":{"start":{"line":2,"column":0},"end":{"line":2,"column":50}},"2":{"start":{"line":4,"column":0},"end":{"line":4,"column":69}},"3":{"start":{"line":7,"column":7},"end":{"line":78,"column":null}},"4":{"start":{"line":9,"column":16},"end":{"line":9,"column":24}},"5":{"start":{"line":10,"column":16},"end":{"line":10,"column":35}},"6":{"start":{"line":20,"column":25},"end":{"line":37,"column":10}},"7":{"start":{"line":40,"column":8},"end":{"line":40,"column":74}},"8":{"start":{"line":42,"column":8},"end":{"line":42,"column":24}},"9":{"start":{"line":46,"column":8},"end":{"line":58,"column":11}},"10":{"start":{"line":62,"column":8},"end":{"line":76,"column":11}},"11":{"start":{"line":7,"column":13},"end":{"line":7,"column":30}},"12":{"start":{"line":7,"column":13},"end":{"line":78,"column":null}}},"fnMap":{"0":{"name":"(anonymous_2)","decl":{"start":{"line":8,"column":4},"end":{"line":8,"column":null}},"loc":{"start":{"line":10,"column":52},"end":{"line":11,"column":9}}},"1":{"name":"(anonymous_3)","decl":{"start":{"line":13,"column":4},"end":{"line":13,"column":9}},"loc":{"start":{"line":18,"column":24},"end":{"line":43,"column":5}}},"2":{"name":"(anonymous_4)","decl":{"start":{"line":45,"column":4},"end":{"line":45,"column":9}},"loc":{"start":{"line":45,"column":44},"end":{"line":59,"column":5}}},"3":{"name":"(anonymous_5)","decl":{"start":{"line":61,"column":4},"end":{"line":61,"column":9}},"loc":{"start":{"line":61,"column":82},"end":{"line":77,"column":5}}}},"branchMap":{"0":{"loc":{"start":{"line":61,"column":44},"end":{"line":61,"column":62}},"type":"default-arg","locations":[{"start":{"line":61,"column":60},"end":{"line":61,"column":62}}]},"1":{"loc":{"start":{"line":61,"column":64},"end":{"line":61,"column":82}},"type":"default-arg","locations":[{"start":{"line":61,"column":81},"end":{"line":61,"column":82}}]}},"s":{"0":1,"1":1,"2":1,"3":1,"4":0,"5":0,"6":0,"7":0,"8":0,"9":0,"10":0,"11":1,"12":1},"f":{"0":0,"1":0,"2":0,"3":0},"b":{"0":[0],"1":[0]}}
,"C:\\Users\\petit\\Projects\\EpiTrello2025\\EpiTrello2025\\apps\\api\\src\\attachments\\attachments.controller.ts": {"path":"C:\\Users\\petit\\Projects\\EpiTrello2025\\EpiTrello2025\\apps\\api\\src\\attachments\\attachments.controller.ts","statementMap":{"0":{"start":{"line":1,"column":0},"end":{"line":1,"column":null}},"1":{"start":{"line":13,"column":0},"end":{"line":13,"column":59}},"2":{"start":{"line":14,"column":0},"end":{"line":14,"column":54}},"3":{"start":{"line":15,"column":0},"end":{"line":15,"column":59}},"4":{"start":{"line":16,"column":0},"end":{"line":16,"column":55}},"5":{"start":{"line":20,"column":7},"end":{"line":58,"column":null}},"6":{"start":{"line":21,"column":33},"end":{"line":21,"column":53}},"7":{"start":{"line":34,"column":8},"end":{"line":36,"column":9}},"8":{"start":{"line":35,"column":12},"end":{"line":35,"column":66}},"9":{"start":{"line":38,"column":8},"end":{"line":38,"column":83}},"10":{"start":{"line":47,"column":8},"end":{"line":47,"column":83}},"11":{"start":{"line":56,"column":8},"end":{"line":56,"column":66}},"12":{"start":{"line":20,"column":13},"end":{"line":20,"column":34}},"13":{"start":{"line":29,"column":10},"end":{"line":39,"column":null}},"14":{"start":{"line":46,"column":10},"end":{"line":48,"column":null}},"15":{"start":{"line":55,"column":10},"end":{"line":57,"column":null}},"16":{"start":{"line":20,"column":13},"end":{"line":58,"column":null}}},"fnMap":{"0":{"name":"(anonymous_4)","decl":{"start":{"line":21,"column":4},"end":{"line":21,"column":33}},"loc":{"start":{"line":21,"column":71},"end":{"line":21,"column":76}}},"1":{"name":"(anonymous_5)","decl":{"start":{"line":29,"column":4},"end":{"line":29,"column":9}},"loc":{"start":{"line":32,"column":27},"end":{"line":39,"column":5}}},"2":{"name":"(anonymous_6)","decl":{"start":{"line":46,"column":4},"end":{"line":46,"column":9}},"loc":{"start":{"line":46,"column":81},"end":{"line":48,"column":5}}},"3":{"name":"(anonymous_7)","decl":{"start":{"line":55,"column":4},"end":{"line":55,"column":9}},"loc":{"start":{"line":55,"column":56},"end":{"line":57,"column":5}}}},"branchMap":{"0":{"loc":{"start":{"line":34,"column":8},"end":{"line":36,"column":9}},"type":"if","locations":[{"start":{"line":34,"column":8},"end":{"line":36,"column":9}}]}},"s":{"0":0,"1":0,"2":0,"3":0,"4":0,"5":0,"6":0,"7":0,"8":0,"9":0,"10":0,"11":0,"12":0,"13":0,"14":0,"15":0,"16":0},"f":{"0":0,"1":0,"2":0,"3":0},"b":{"0":[0]}}
,"C:\\Users\\petit\\Projects\\EpiTrello2025\\EpiTrello2025\\apps\\api\\src\\attachments\\attachments.module.ts": {"path":"C:\\Users\\petit\\Projects\\EpiTrello2025\\EpiTrello2025\\apps\\api\\src\\attachments\\attachments.module.ts","statementMap":{"0":{"start":{"line":1,"column":0},"end":{"line":1,"column":40}},"1":{"start":{"line":2,"column":0},"end":{"line":2,"column":56}},"2":{"start":{"line":3,"column":0},"end":{"line":3,"column":65}},"3":{"start":{"line":4,"column":0},"end":{"line":4,"column":59}},"4":{"start":{"line":5,"column":0},"end":{"line":5,"column":50}},"5":{"start":{"line":6,"column":0},"end":{"line":6,"column":55}},"6":{"start":{"line":14,"column":7},"end":{"line":14,"column":null}},"7":{"start":{"line":14,"column":13},"end":{"line":14,"column":30}},"8":{"start":{"line":14,"column":13},"end":{"line":14,"column":null}}},"fnMap":{},"branchMap":{},"s":{"0":0,"1":0,"2":0,"3":0,"4":0,"5":0,"6":0,"7":0,"8":0},"f":{},"b":{}}
,"C:\\Users\\petit\\Projects\\EpiTrello2025\\EpiTrello2025\\apps\\api\\src\\attachments\\attachments.service.ts": {"path":"C:\\Users\\petit\\Projects\\EpiTrello2025\\EpiTrello2025\\apps\\api\\src\\attachments\\attachments.service.ts","statementMap":{"0":{"start":{"line":1,"column":0},"end":{"line":1,"column":null}},"1":{"start":{"line":7,"column":0},"end":{"line":7,"column":50}},"2":{"start":{"line":8,"column":0},"end":{"line":8,"column":37}},"3":{"start":{"line":12,"column":7},"end":{"line":174,"column":null}},"4":{"start":{"line":13,"column":33},"end":{"line":13,"column":41}},"5":{"start":{"line":24,"column":8},"end":{"line":24,"column":54}},"6":{"start":{"line":27,"column":27},"end":{"line":46,"column":10}},"7":{"start":{"line":48,"column":8},"end":{"line":48,"column":26}},"8":{"start":{"line":56,"column":27},"end":{"line":73,"column":10}},"9":{"start":{"line":75,"column":8},"end":{"line":77,"column":9}},"10":{"start":{"line":76,"column":12},"end":{"line":76,"column":68}},"11":{"start":{"line":81,"column":27},"end":{"line":81,"column":61}},"12":{"start":{"line":82,"column":31},"end":{"line":87,"column":null}},"13":{"start":{"line":84,"column":16},"end":{"line":87,"column":45}},"14":{"start":{"line":90,"column":8},"end":{"line":94,"column":9}},"15":{"start":{"line":91,"column":12},"end":{"line":93,"column":14}},"16":{"start":{"line":97,"column":8},"end":{"line":102,"column":9}},"17":{"start":{"line":98,"column":12},"end":{"line":98,"column":41}},"18":{"start":{"line":100,"column":12},"end":{"line":100,"column":78}},"19":{"start":{"line":105,"column":8},"end":{"line":107,"column":11}},"20":{"start":{"line":109,"column":8},"end":{"line":109,"column":65}},"21":{"start":{"line":116,"column":8},"end":{"line":131,"column":11}},"22":{"start":{"line":138,"column":21},"end":{"line":151,"column":10}},"23":{"start":{"line":153,"column":8},"end":{"line":155,"column":9}},"24":{"start":{"line":154,"column":12},"end":{"line":154,"column":61}},"25":{"start":{"line":158,"column":26},"end":{"line":163,"column":null}},"26":{"start":{"line":160,"column":16},"end":{"line":163,"column":45}},"27":{"start":{"line":166,"column":8},"end":{"line":170,"column":9}},"28":{"start":{"line":167,"column":12},"end":{"line":169,"column":14}},"29":{"start":{"line":172,"column":8},"end":{"line":172,"column":20}},"30":{"start":{"line":12,"column":13},"end":{"line":12,"column":31}},"31":{"start":{"line":12,"column":13},"end":{"line":174,"column":null}}},"fnMap":{"0":{"name":"(anonymous_2)","decl":{"start":{"line":13,"column":4},"end":{"line":13,"column":33}},"loc":{"start":{"line":13,"column":54},"end":{"line":13,"column":59}}},"1":{"name":"(anonymous_3)","decl":{"start":{"line":18,"column":4},"end":{"line":18,"column":9}},"loc":{"start":{"line":21,"column":33},"end":{"line":49,"column":5}}},"2":{"name":"(anonymous_4)","decl":{"start":{"line":54,"column":4},"end":{"line":54,"column":9}},"loc":{"start":{"line":54,"column":63},"end":{"line":110,"column":5}}},"3":{"name":"(anonymous_5)","decl":{"start":{"line":83,"column":12},"end":{"line":83,"column":13}},"loc":{"start":{"line":84,"column":16},"end":{"line":87,"column":45}}},"4":{"name":"(anonymous_6)","decl":{"start":{"line":115,"column":4},"end":{"line":115,"column":9}},"loc":{"start":{"line":115,"column":43},"end":{"line":132,"column":5}}},"5":{"name":"(anonymous_7)","decl":{"start":{"line":137,"column":12},"end":{"line":137,"column":17}},"loc":{"start":{"line":137,"column":67},"end":{"line":173,"column":5}}},"6":{"name":"(anonymous_8)","decl":{"start":{"line":159,"column":12},"end":{"line":159,"column":13}},"loc":{"start":{"line":160,"column":16},"end":{"line":163,"column":45}}}},"branchMap":{"0":{"loc":{"start":{"line":75,"column":8},"end":{"line":77,"column":9}},"type":"if","locations":[{"start":{"line":75,"column":8},"end":{"line":77,"column":9}}]},"1":{"loc":{"start":{"line":84,"column":16},"end":{"line":87,"column":45}},"type":"binary-expr","locations":[{"start":{"line":84,"column":16},"end":{"line":84,"column":40}},{"start":{"line":85,"column":17},"end":{"line":85,"column":40}},{"start":{"line":86,"column":20},"end":{"line":86,"column":43}},{"start":{"line":87,"column":20},"end":{"line":87,"column":44}}]},"2":{"loc":{"start":{"line":90,"column":8},"end":{"line":94,"column":9}},"type":"if","locations":[{"start":{"line":90,"column":8},"end":{"line":94,"column":9}}]},"3":{"loc":{"start":{"line":90,"column":12},"end":{"line":90,"column":42}},"type":"binary-expr","locations":[{"start":{"line":90,"column":12},"end":{"line":90,"column":23}},{"start":{"line":90,"column":27},"end":{"line":90,"column":42}}]},"4":{"loc":{"start":{"line":153,"column":8},"end":{"line":155,"column":9}},"type":"if","locations":[{"start":{"line":153,"column":8},"end":{"line":155,"column":9}}]},"5":{"loc":{"start":{"line":160,"column":16},"end":{"line":163,"column":45}},"type":"binary-expr","locations":[{"start":{"line":160,"column":16},"end":{"line":160,"column":40}},{"start":{"line":161,"column":17},"end":{"line":161,"column":40}},{"start":{"line":162,"column":20},"end":{"line":162,"column":43}},{"start":{"line":163,"column":20},"end":{"line":163,"column":44}}]},"6":{"loc":{"start":{"line":166,"column":8},"end":{"line":170,"column":9}},"type":"if","locations":[{"start":{"line":166,"column":8},"end":{"line":170,"column":9}}]}},"s":{"0":1,"1":1,"2":1,"3":1,"4":5,"5":3,"6":1,"7":1,"8":1,"9":1,"10":1,"11":0,"12":0,"13":0,"14":0,"15":0,"16":0,"17":0,"18":0,"19":0,"20":0,"21":1,"22":3,"23":3,"24":1,"25":2,"26":2,"27":2,"28":1,"29":1,"30":1,"31":1},"f":{"0":5,"1":3,"2":1,"3":0,"4":1,"5":3,"6":2},"b":{"0":[1],"1":[0,0,0,0],"2":[0],"3":[0,0],"4":[1],"5":[2,1,1,1],"6":[1]}}
,"C:\\Users\\petit\\Projects\\EpiTrello2025\\EpiTrello2025\\apps\\api\\src\\attachments\\dto\\create-attachment.dto.ts": {"path":"C:\\Users\\petit\\Projects\\EpiTrello2025\\EpiTrello2025\\apps\\api\\src\\attachments\\dto\\create-attachment.dto.ts","statementMap":{"0":{"start":{"line":3,"column":0},"end":{"line":3,"column":13}}},"fnMap":{},"branchMap":{},"s":{"0":0},"f":{},"b":{}}
,"C:\\Users\\petit\\Projects\\EpiTrello2025\\EpiTrello2025\\apps\\api\\src\\auth\\auth.controller.ts": {"path":"C:\\Users\\petit\\Projects\\EpiTrello2025\\EpiTrello2025\\apps\\api\\src\\auth\\auth.controller.ts","statementMap":{"0":{"start":{"line":1,"column":0},"end":{"line":1,"column":81}},"1":{"start":{"line":2,"column":0},"end":{"line":2,"column":48}},"2":{"start":{"line":3,"column":0},"end":{"line":3,"column":45}},"3":{"start":{"line":4,"column":0},"end":{"line":4,"column":49}},"4":{"start":{"line":5,"column":0},"end":{"line":5,"column":43}},"5":{"start":{"line":8,"column":7},"end":{"line":26,"column":null}},"6":{"start":{"line":9,"column":22},"end":{"line":9,"column":35}},"7":{"start":{"line":13,"column":4},"end":{"line":13,"column":72}},"8":{"start":{"line":18,"column":4},"end":{"line":18,"column":45}},"9":{"start":{"line":24,"column":4},"end":{"line":24,"column":47}},"10":{"start":{"line":8,"column":13},"end":{"line":8,"column":27}},"11":{"start":{"line":12,"column":8},"end":{"line":14,"column":null}},"12":{"start":{"line":17,"column":8},"end":{"line":19,"column":null}},"13":{"start":{"line":23,"column":8},"end":{"line":25,"column":null}},"14":{"start":{"line":8,"column":13},"end":{"line":26,"column":null}}},"fnMap":{"0":{"name":"(anonymous_4)","decl":{"start":{"line":9,"column":2},"end":{"line":9,"column":22}},"loc":{"start":{"line":9,"column":46},"end":{"line":9,"column":51}}},"1":{"name":"(anonymous_5)","decl":{"start":{"line":12,"column":2},"end":{"line":12,"column":7}},"loc":{"start":{"line":12,"column":41},"end":{"line":14,"column":3}}},"2":{"name":"(anonymous_6)","decl":{"start":{"line":17,"column":2},"end":{"line":17,"column":7}},"loc":{"start":{"line":17,"column":35},"end":{"line":19,"column":3}}},"3":{"name":"(anonymous_7)","decl":{"start":{"line":23,"column":2},"end":{"line":23,"column":7}},"loc":{"start":{"line":23,"column":33},"end":{"line":25,"column":3}}}},"branchMap":{},"s":{"0":0,"1":0,"2":0,"3":0,"4":0,"5":0,"6":0,"7":0,"8":0,"9":0,"10":0,"11":0,"12":0,"13":0,"14":0},"f":{"0":0,"1":0,"2":0,"3":0},"b":{}}
,"C:\\Users\\petit\\Projects\\EpiTrello2025\\EpiTrello2025\\apps\\api\\src\\auth\\auth.module.ts": {"path":"C:\\Users\\petit\\Projects\\EpiTrello2025\\EpiTrello2025\\apps\\api\\src\\auth\\auth.module.ts","statementMap":{"0":{"start":{"line":1,"column":0},"end":{"line":1,"column":40}},"1":{"start":{"line":2,"column":0},"end":{"line":2,"column":51}},"2":{"start":{"line":3,"column":0},"end":{"line":3,"column":45}},"3":{"start":{"line":4,"column":0},"end":{"line":4,"column":50}},"4":{"start":{"line":10,"column":7},"end":{"line":10,"column":null}},"5":{"start":{"line":10,"column":13},"end":{"line":10,"column":23}},"6":{"start":{"line":10,"column":13},"end":{"line":10,"column":null}}},"fnMap":{},"branchMap":{},"s":{"0":0,"1":0,"2":0,"3":0,"4":0,"5":0,"6":0},"f":{},"b":{}}
,"C:\\Users\\petit\\Projects\\EpiTrello2025\\EpiTrello2025\\apps\\api\\src\\auth\\auth.service.ts": {"path":"C:\\Users\\petit\\Projects\\EpiTrello2025\\EpiTrello2025\\apps\\api\\src\\auth\\auth.service.ts","statementMap":{"0":{"start":{"line":1,"column":0},"end":{"line":1,"column":67}},"1":{"start":{"line":2,"column":0},"end":{"line":2,"column":36}},"2":{"start":{"line":3,"column":0},"end":{"line":3,"column":50}},"3":{"start":{"line":6,"column":7},"end":{"line":64,"column":null}},"4":{"start":{"line":7,"column":22},"end":{"line":7,"column":30}},"5":{"start":{"line":11,"column":21},"end":{"line":11,"column":76}},"6":{"start":{"line":12,"column":4},"end":{"line":14,"column":5}},"7":{"start":{"line":13,"column":6},"end":{"line":13,"column":61}},"8":{"start":{"line":17,"column":17},"end":{"line":22,"column":6}},"9":{"start":{"line":24,"column":4},"end":{"line":24,"column":51}},"10":{"start":{"line":29,"column":17},"end":{"line":29,"column":72}},"11":{"start":{"line":30,"column":4},"end":{"line":32,"column":5}},"12":{"start":{"line":31,"column":6},"end":{"line":31,"column":61}},"13":{"start":{"line":34,"column":4},"end":{"line":34,"column":51}},"14":{"start":{"line":38,"column":19},"end":{"line":38,"column":89}},"15":{"start":{"line":39,"column":18},"end":{"line":45,"column":null}},"16":{"start":{"line":48,"column":4},"end":{"line":54,"column":6}},"17":{"start":{"line":58,"column":17},"end":{"line":58,"column":77}},"18":{"start":{"line":59,"column":4},"end":{"line":61,"column":5}},"19":{"start":{"line":60,"column":6},"end":{"line":60,"column":56}},"20":{"start":{"line":62,"column":4},"end":{"line":62,"column":16}},"21":{"start":{"line":6,"column":13},"end":{"line":6,"column":24}},"22":{"start":{"line":6,"column":13},"end":{"line":64,"column":null}}},"fnMap":{"0":{"name":"(anonymous_2)","decl":{"start":{"line":7,"column":2},"end":{"line":7,"column":22}},"loc":{"start":{"line":7,"column":43},"end":{"line":7,"column":48}}},"1":{"name":"(anonymous_3)","decl":{"start":{"line":9,"column":2},"end":{"line":9,"column":7}},"loc":{"start":{"line":9,"column":63},"end":{"line":25,"column":3}}},"2":{"name":"(anonymous_4)","decl":{"start":{"line":27,"column":2},"end":{"line":27,"column":7}},"loc":{"start":{"line":27,"column":27},"end":{"line":35,"column":3}}},"3":{"name":"(anonymous_5)","decl":{"start":{"line":37,"column":10},"end":{"line":37,"column":23}},"loc":{"start":{"line":37,"column":53},"end":{"line":55,"column":3}}},"4":{"name":"(anonymous_6)","decl":{"start":{"line":57,"column":2},"end":{"line":57,"column":7}},"loc":{"start":{"line":57,"column":28},"end":{"line":63,"column":3}}}},"branchMap":{"0":{"loc":{"start":{"line":12,"column":4},"end":{"line":14,"column":5}},"type":"if","locations":[{"start":{"line":12,"column":4},"end":{"line":14,"column":5}}]},"1":{"loc":{"start":{"line":20,"column":14},"end":{"line":20,"column":41}},"type":"binary-expr","locations":[{"start":{"line":20,"column":14},"end":{"line":20,"column":18}},{"start":{"line":20,"column":22},"end":{"line":20,"column":41}}]},"2":{"loc":{"start":{"line":30,"column":4},"end":{"line":32,"column":5}},"type":"if","locations":[{"start":{"line":30,"column":4},"end":{"line":32,"column":5}}]},"3":{"loc":{"start":{"line":38,"column":19},"end":{"line":38,"column":89}},"type":"binary-expr","locations":[{"start":{"line":38,"column":19},"end":{"line":38,"column":48}},{"start":{"line":38,"column":52},"end":{"line":38,"column":89}}]},"4":{"loc":{"start":{"line":59,"column":4},"end":{"line":61,"column":5}},"type":"if","locations":[{"start":{"line":59,"column":4},"end":{"line":61,"column":5}}]}},"s":{"0":0,"1":0,"2":0,"3":0,"4":0,"5":0,"6":0,"7":0,"8":0,"9":0,"10":0,"11":0,"12":0,"13":0,"14":0,"15":0,"16":0,"17":0,"18":0,"19":0,"20":0,"21":0,"22":0},"f":{"0":0,"1":0,"2":0,"3":0,"4":0},"b":{"0":[0],"1":[0,0],"2":[0],"3":[0,0],"4":[0]}}
,"C:\\Users\\petit\\Projects\\EpiTrello2025\\EpiTrello2025\\apps\\api\\src\\auth\\jwt-auth.guard.ts": {"path":"C:\\Users\\petit\\Projects\\EpiTrello2025\\EpiTrello2025\\apps\\api\\src\\auth\\jwt-auth.guard.ts","statementMap":{"0":{"start":{"line":1,"column":0},"end":{"line":1,"column":98}},"1":{"start":{"line":3,"column":0},"end":{"line":3,"column":36}},"2":{"start":{"line":6,"column":7},"end":{"line":24,"column":null}},"3":{"start":{"line":8,"column":16},"end":{"line":8,"column":47}},"4":{"start":{"line":9,"column":17},"end":{"line":9,"column":67}},"5":{"start":{"line":11,"column":4},"end":{"line":11,"column":87}},"6":{"start":{"line":11,"column":38},"end":{"line":11,"column":87}},"7":{"start":{"line":13,"column":4},"end":{"line":22,"column":5}},"8":{"start":{"line":14,"column":20},"end":{"line":14,"column":48}},"9":{"start":{"line":15,"column":21},"end":{"line":15,"column":91}},"10":{"start":{"line":16,"column":22},"end":{"line":16,"column":54}},"11":{"start":{"line":18,"column":6},"end":{"line":18,"column":59}},"12":{"start":{"line":19,"column":6},"end":{"line":19,"column":18}},"13":{"start":{"line":21,"column":6},"end":{"line":21,"column":55}},"14":{"start":{"line":6,"column":13},"end":{"line":6,"column":25}},"15":{"start":{"line":6,"column":13},"end":{"line":24,"column":null}}},"fnMap":{"0":{"name":"(anonymous_1)","decl":{"start":{"line":7,"column":2},"end":{"line":7,"column":13}},"loc":{"start":{"line":7,"column":35},"end":{"line":23,"column":3}}}},"branchMap":{"0":{"loc":{"start":{"line":11,"column":4},"end":{"line":11,"column":87}},"type":"if","locations":[{"start":{"line":11,"column":4},"end":{"line":11,"column":87}}]},"1":{"loc":{"start":{"line":15,"column":21},"end":{"line":15,"column":91}},"type":"binary-expr","locations":[{"start":{"line":15,"column":21},"end":{"line":15,"column":50}},{"start":{"line":15,"column":54},"end":{"line":15,"column":91}}]}},"s":{"0":0,"1":0,"2":0,"3":0,"4":0,"5":0,"6":0,"7":0,"8":0,"9":0,"10":0,"11":0,"12":0,"13":0,"14":0,"15":0},"f":{"0":0},"b":{"0":[0],"1":[0,0]}}
,"C:\\Users\\petit\\Projects\\EpiTrello2025\\EpiTrello2025\\apps\\api\\src\\auth\\dto\\login.dto.ts": {"path":"C:\\Users\\petit\\Projects\\EpiTrello2025\\EpiTrello2025\\apps\\api\\src\\auth\\dto\\login.dto.ts","statementMap":{"0":{"start":{"line":1,"column":0},"end":{"line":1,"column":64}},"1":{"start":{"line":3,"column":0},"end":{"line":3,"column":13}},"2":{"start":{"line":4,"column":13},"end":{"line":4,"column":null}},"3":{"start":{"line":6,"column":28},"end":{"line":6,"column":null}}},"fnMap":{},"branchMap":{},"s":{"0":0,"1":0,"2":0,"3":0},"f":{},"b":{}}
,"C:\\Users\\petit\\Projects\\EpiTrello2025\\EpiTrello2025\\apps\\api\\src\\auth\\dto\\register.dto.ts": {"path":"C:\\Users\\petit\\Projects\\EpiTrello2025\\EpiTrello2025\\apps\\api\\src\\auth\\dto\\register.dto.ts","statementMap":{"0":{"start":{"line":1,"column":0},"end":{"line":1,"column":76}},"1":{"start":{"line":3,"column":0},"end":{"line":3,"column":13}},"2":{"start":{"line":4,"column":13},"end":{"line":4,"column":null}},"3":{"start":{"line":6,"column":28},"end":{"line":6,"column":null}},"4":{"start":{"line":8,"column":28},"end":{"line":8,"column":null}}},"fnMap":{},"branchMap":{},"s":{"0":0,"1":0,"2":0,"3":0,"4":0},"f":{},"b":{}}
,"C:\\Users\\petit\\Projects\\EpiTrello2025\\EpiTrello2025\\apps\\api\\src\\boards\\board-permissions.service.ts": {"path":"C:\\Users\\petit\\Projects\\EpiTrello2025\\EpiTrello2025\\apps\\api\\src\\boards\\board-permissions.service.ts","statementMap":{"0":{"start":{"line":1,"column":0},"end":{"line":1,"column":63}},"1":{"start":{"line":3,"column":0},"end":{"line":3,"column":50}},"2":{"start":{"line":6,"column":7},"end":{"line":69,"column":null}},"3":{"start":{"line":7,"column":24},"end":{"line":7,"column":32}},"4":{"start":{"line":14,"column":23},"end":{"line":16,"column":10}},"5":{"start":{"line":18,"column":8},"end":{"line":18,"column":36}},"6":{"start":{"line":26,"column":8},"end":{"line":26,"column":71}},"7":{"start":{"line":35,"column":8},"end":{"line":35,"column":59}},"8":{"start":{"line":42,"column":21},"end":{"line":45,"column":10}},"9":{"start":{"line":47,"column":8},"end":{"line":49,"column":9}},"10":{"start":{"line":48,"column":12},"end":{"line":48,"column":61}},"11":{"start":{"line":51,"column":8},"end":{"line":51,"column":28}},"12":{"start":{"line":58,"column":21},"end":{"line":61,"column":10}},"13":{"start":{"line":63,"column":8},"end":{"line":65,"column":9}},"14":{"start":{"line":64,"column":12},"end":{"line":64,"column":61}},"15":{"start":{"line":67,"column":8},"end":{"line":67,"column":33}},"16":{"start":{"line":6,"column":13},"end":{"line":6,"column":36}},"17":{"start":{"line":6,"column":13},"end":{"line":69,"column":null}}},"fnMap":{"0":{"name":"(anonymous_2)","decl":{"start":{"line":7,"column":4},"end":{"line":7,"column":24}},"loc":{"start":{"line":7,"column":45},"end":{"line":7,"column":50}}},"1":{"name":"(anonymous_3)","decl":{"start":{"line":13,"column":4},"end":{"line":13,"column":9}},"loc":{"start":{"line":13,"column":58},"end":{"line":19,"column":5}}},"2":{"name":"(anonymous_4)","decl":{"start":{"line":25,"column":4},"end":{"line":25,"column":17}},"loc":{"start":{"line":25,"column":33},"end":{"line":27,"column":5}}},"3":{"name":"(anonymous_5)","decl":{"start":{"line":34,"column":4},"end":{"line":34,"column":18}},"loc":{"start":{"line":34,"column":34},"end":{"line":36,"column":5}}},"4":{"name":"(anonymous_6)","decl":{"start":{"line":41,"column":4},"end":{"line":41,"column":9}},"loc":{"start":{"line":41,"column":43},"end":{"line":52,"column":5}}},"5":{"name":"(anonymous_7)","decl":{"start":{"line":57,"column":4},"end":{"line":57,"column":9}},"loc":{"start":{"line":57,"column":43},"end":{"line":68,"column":5}}}},"branchMap":{"0":{"loc":{"start":{"line":18,"column":15},"end":{"line":18,"column":35}},"type":"binary-expr","locations":[{"start":{"line":18,"column":15},"end":{"line":18,"column":27}},{"start":{"line":18,"column":31},"end":{"line":18,"column":35}}]},"1":{"loc":{"start":{"line":47,"column":8},"end":{"line":49,"column":9}},"type":"if","locations":[{"start":{"line":47,"column":8},"end":{"line":49,"column":9}}]},"2":{"loc":{"start":{"line":63,"column":8},"end":{"line":65,"column":9}},"type":"if","locations":[{"start":{"line":63,"column":8},"end":{"line":65,"column":9}}]}},"s":{"0":0,"1":0,"2":0,"3":0,"4":0,"5":0,"6":0,"7":0,"8":0,"9":0,"10":0,"11":0,"12":0,"13":0,"14":0,"15":0,"16":0,"17":0},"f":{"0":0,"1":0,"2":0,"3":0,"4":0,"5":0},"b":{"0":[0,0],"1":[0],"2":[0]}}
,"C:\\Users\\petit\\Projects\\EpiTrello2025\\EpiTrello2025\\apps\\api\\src\\boards\\boards.controller.ts": {"path":"C:\\Users\\petit\\Projects\\EpiTrello2025\\EpiTrello2025\\apps\\api\\src\\boards\\boards.controller.ts","statementMap":{"0":{"start":{"line":1,"column":0},"end":{"line":1,"column":null}},"1":{"start":{"line":13,"column":0},"end":{"line":13,"column":54}},"2":{"start":{"line":14,"column":0},"end":{"line":14,"column":59}},"3":{"start":{"line":15,"column":0},"end":{"line":15,"column":61}},"4":{"start":{"line":17,"column":0},"end":{"line":17,"column":49}},"5":{"start":{"line":19,"column":0},"end":{"line":19,"column":56}},"6":{"start":{"line":20,"column":0},"end":{"line":20,"column":58}},"7":{"start":{"line":21,"column":0},"end":{"line":21,"column":56}},"8":{"start":{"line":23,"column":0},"end":{"line":23,"column":69}},"9":{"start":{"line":27,"column":7},"end":{"line":80,"column":null}},"10":{"start":{"line":29,"column":12},"end":{"line":29,"column":17}},"11":{"start":{"line":30,"column":12},"end":{"line":30,"column":31}},"12":{"start":{"line":35,"column":4},"end":{"line":35,"column":62}},"13":{"start":{"line":40,"column":4},"end":{"line":40,"column":45}},"14":{"start":{"line":46,"column":4},"end":{"line":46,"column":44}},"15":{"start":{"line":52,"column":4},"end":{"line":52,"column":48}},"16":{"start":{"line":62,"column":4},"end":{"line":62,"column":55}},"17":{"start":{"line":68,"column":4},"end":{"line":68,"column":57}},"18":{"start":{"line":78,"column":4},"end":{"line":78,"column":54}},"19":{"start":{"line":27,"column":13},"end":{"line":27,"column":29}},"20":{"start":{"line":34,"column":2},"end":{"line":36,"column":null}},"21":{"start":{"line":39,"column":2},"end":{"line":41,"column":null}},"22":{"start":{"line":45,"column":2},"end":{"line":47,"column":null}},"23":{"start":{"line":51,"column":2},"end":{"line":53,"column":null}},"24":{"start":{"line":57,"column":2},"end":{"line":63,"column":null}},"25":{"start":{"line":67,"column":2},"end":{"line":69,"column":null}},"26":{"start":{"line":73,"column":2},"end":{"line":79,"column":null}},"27":{"start":{"line":27,"column":13},"end":{"line":80,"column":null}}},"fnMap":{"0":{"name":"(anonymous_4)","decl":{"start":{"line":28,"column":2},"end":{"line":28,"column":null}},"loc":{"start":{"line":30,"column":48},"end":{"line":31,"column":7}}},"1":{"name":"(anonymous_5)","decl":{"start":{"line":34,"column":2},"end":{"line":34,"column":6}},"loc":{"start":{"line":34,"column":69},"end":{"line":36,"column":3}}},"2":{"name":"(anonymous_6)","decl":{"start":{"line":39,"column":2},"end":{"line":39,"column":8}},"loc":{"start":{"line":39,"column":57},"end":{"line":41,"column":3}}},"3":{"name":"(anonymous_7)","decl":{"start":{"line":45,"column":2},"end":{"line":45,"column":5}},"loc":{"start":{"line":45,"column":50},"end":{"line":47,"column":3}}},"4":{"name":"(anonymous_8)","decl":{"start":{"line":51,"column":2},"end":{"line":51,"column":12}},"loc":{"start":{"line":51,"column":57},"end":{"line":53,"column":3}}},"5":{"name":"(anonymous_9)","decl":{"start":{"line":57,"column":2},"end":{"line":57,"column":14}},"loc":{"start":{"line":60,"column":23},"end":{"line":63,"column":3}}},"6":{"name":"(anonymous_10)","decl":{"start":{"line":67,"column":2},"end":{"line":67,"column":13}},"loc":{"start":{"line":67,"column":37},"end":{"line":69,"column":3}}},"7":{"name":"(anonymous_11)","decl":{"start":{"line":73,"column":2},"end":{"line":73,"column":13}},"loc":{"start":{"line":76,"column":23},"end":{"line":79,"column":3}}}},"branchMap":{},"s":{"0":0,"1":0,"2":0,"3":0,"4":0,"5":0,"6":0,"7":0,"8":0,"9":0,"10":0,"11":0,"12":0,"13":0,"14":0,"15":0,"16":0,"17":0,"18":0,"19":0,"20":0,"21":0,"22":0,"23":0,"24":0,"25":0,"26":0,"27":0},"f":{"0":0,"1":0,"2":0,"3":0,"4":0,"5":0,"6":0,"7":0},"b":{}}
,"C:\\Users\\petit\\Projects\\EpiTrello2025\\EpiTrello2025\\apps\\api\\src\\boards\\boards.gateway.ts": {"path":"C:\\Users\\petit\\Projects\\EpiTrello2025\\EpiTrello2025\\apps\\api\\src\\boards\\boards.gateway.ts","statementMap":{"0":{"start":{"line":1,"column":0},"end":{"line":1,"column":null}},"1":{"start":{"line":10,"column":0},"end":{"line":10,"column":43}},"2":{"start":{"line":11,"column":0},"end":{"line":11,"column":51}},"3":{"start":{"line":31,"column":7},"end":{"line":189,"column":null}},"4":{"start":{"line":35,"column":10},"end":{"line":35,"column":55}},"5":{"start":{"line":38,"column":10},"end":{"line":38,"column":103}},"6":{"start":{"line":41,"column":4},"end":{"line":41,"column":54}},"7":{"start":{"line":45,"column":4},"end":{"line":45,"column":57}},"8":{"start":{"line":48,"column":39},"end":{"line":48,"column":41}},"9":{"start":{"line":49,"column":4},"end":{"line":53,"column":7}},"10":{"start":{"line":50,"column":6},"end":{"line":52,"column":7}},"11":{"start":{"line":51,"column":8},"end":{"line":51,"column":38}},"12":{"start":{"line":55,"column":4},"end":{"line":61,"column":7}},"13":{"start":{"line":56,"column":6},"end":{"line":56,"column":42}},"14":{"start":{"line":57,"column":22},"end":{"line":57,"column":41}},"15":{"start":{"line":58,"column":6},"end":{"line":60,"column":7}},"16":{"start":{"line":59,"column":8},"end":{"line":59,"column":80}},"17":{"start":{"line":69,"column":24},"end":{"line":69,"column":28}},"18":{"start":{"line":70,"column":17},"end":{"line":70,"column":35}},"19":{"start":{"line":72,"column":4},"end":{"line":72,"column":22}},"20":{"start":{"line":73,"column":4},"end":{"line":73,"column":34}},"21":{"start":{"line":75,"column":4},"end":{"line":75,"column":67}},"22":{"start":{"line":77,"column":4},"end":{"line":77,"column":35}},"23":{"start":{"line":85,"column":24},"end":{"line":85,"column":28}},"24":{"start":{"line":86,"column":17},"end":{"line":86,"column":35}},"25":{"start":{"line":88,"column":4},"end":{"line":88,"column":23}},"26":{"start":{"line":90,"column":4},"end":{"line":90,"column":65}},"27":{"start":{"line":92,"column":4},"end":{"line":92,"column":29}},"28":{"start":{"line":100,"column":50},"end":{"line":100,"column":54}},"29":{"start":{"line":103,"column":28},"end":{"line":103,"column":60}},"30":{"start":{"line":105,"column":4},"end":{"line":112,"column":5}},"31":{"start":{"line":107,"column":6},"end":{"line":111,"column":8}},"32":{"start":{"line":115,"column":4},"end":{"line":115,"column":82}},"33":{"start":{"line":116,"column":4},"end":{"line":116,"column":32}},"34":{"start":{"line":119,"column":4},"end":{"line":123,"column":7}},"35":{"start":{"line":125,"column":4},"end":{"line":125,"column":29}},"36":{"start":{"line":133,"column":40},"end":{"line":133,"column":44}},"37":{"start":{"line":135,"column":20},"end":{"line":135,"column":52}},"38":{"start":{"line":137,"column":4},"end":{"line":144,"column":5}},"39":{"start":{"line":138,"column":6},"end":{"line":138,"column":42}},"40":{"start":{"line":141,"column":6},"end":{"line":141,"column":73}},"41":{"start":{"line":143,"column":6},"end":{"line":143,"column":31}},"42":{"start":{"line":146,"column":4},"end":{"line":146,"column":30}},"43":{"start":{"line":151,"column":4},"end":{"line":151,"column":63}},"44":{"start":{"line":155,"column":4},"end":{"line":155,"column":65}},"45":{"start":{"line":159,"column":4},"end":{"line":159,"column":65}},"46":{"start":{"line":163,"column":4},"end":{"line":163,"column":65}},"47":{"start":{"line":167,"column":4},"end":{"line":167,"column":65}},"48":{"start":{"line":171,"column":4},"end":{"line":171,"column":65}},"49":{"start":{"line":175,"column":4},"end":{"line":175,"column":65}},"50":{"start":{"line":179,"column":4},"end":{"line":179,"column":66}},"51":{"start":{"line":183,"column":4},"end":{"line":183,"column":69}},"52":{"start":{"line":187,"column":4},"end":{"line":187,"column":66}},"53":{"start":{"line":31,"column":13},"end":{"line":31,"column":26}},"54":{"start":{"line":33,"column":2},"end":{"line":33,"column":null}},"55":{"start":{"line":65,"column":2},"end":{"line":78,"column":null}},"56":{"start":{"line":81,"column":2},"end":{"line":93,"column":null}},"57":{"start":{"line":96,"column":2},"end":{"line":126,"column":null}},"58":{"start":{"line":129,"column":2},"end":{"line":147,"column":null}},"59":{"start":{"line":31,"column":13},"end":{"line":189,"column":null}}},"fnMap":{"0":{"name":"(anonymous_4)","decl":{"start":{"line":31,"column":7},"end":{"line":31,"column":13}},"loc":{"start":{"line":31,"column":7},"end":{"line":189,"column":1}}},"1":{"name":"(anonymous_5)","decl":{"start":{"line":40,"column":2},"end":{"line":40,"column":18}},"loc":{"start":{"line":40,"column":33},"end":{"line":42,"column":3}}},"2":{"name":"(anonymous_6)","decl":{"start":{"line":44,"column":2},"end":{"line":44,"column":18}},"loc":{"start":{"line":44,"column":33},"end":{"line":62,"column":3}}},"3":{"name":"(anonymous_7)","decl":{"start":{"line":49,"column":33},"end":{"line":49,"column":34}},"loc":{"start":{"line":49,"column":53},"end":{"line":53,"column":5}}},"4":{"name":"(anonymous_8)","decl":{"start":{"line":55,"column":29},"end":{"line":55,"column":35}},"loc":{"start":{"line":55,"column":38},"end":{"line":61,"column":5}}},"5":{"name":"(anonymous_9)","decl":{"start":{"line":65,"column":2},"end":{"line":65,"column":17}},"loc":{"start":{"line":67,"column":41},"end":{"line":78,"column":3}}},"6":{"name":"(anonymous_10)","decl":{"start":{"line":81,"column":2},"end":{"line":81,"column":18}},"loc":{"start":{"line":83,"column":41},"end":{"line":93,"column":3}}},"7":{"name":"(anonymous_11)","decl":{"start":{"line":96,"column":2},"end":{"line":96,"column":20}},"loc":{"start":{"line":98,"column":39},"end":{"line":126,"column":3}}},"8":{"name":"(anonymous_12)","decl":{"start":{"line":129,"column":2},"end":{"line":129,"column":18}},"loc":{"start":{"line":131,"column":39},"end":{"line":147,"column":3}}},"9":{"name":"(anonymous_13)","decl":{"start":{"line":150,"column":2},"end":{"line":150,"column":15}},"loc":{"start":{"line":150,"column":42},"end":{"line":152,"column":3}}},"10":{"name":"(anonymous_14)","decl":{"start":{"line":154,"column":2},"end":{"line":154,"column":17}},"loc":{"start":{"line":154,"column":44},"end":{"line":156,"column":3}}},"11":{"name":"(anonymous_15)","decl":{"start":{"line":158,"column":2},"end":{"line":158,"column":17}},"loc":{"start":{"line":158,"column":44},"end":{"line":160,"column":3}}},"12":{"name":"(anonymous_16)","decl":{"start":{"line":162,"column":2},"end":{"line":162,"column":17}},"loc":{"start":{"line":162,"column":44},"end":{"line":164,"column":3}}},"13":{"name":"(anonymous_17)","decl":{"start":{"line":166,"column":2},"end":{"line":166,"column":17}},"loc":{"start":{"line":166,"column":44},"end":{"line":168,"column":3}}},"14":{"name":"(anonymous_18)","decl":{"start":{"line":170,"column":2},"end":{"line":170,"column":17}},"loc":{"start":{"line":170,"column":44},"end":{"line":172,"column":3}}},"15":{"name":"(anonymous_19)","decl":{"start":{"line":174,"column":2},"end":{"line":174,"column":17}},"loc":{"start":{"line":174,"column":44},"end":{"line":176,"column":3}}},"16":{"name":"(anonymous_20)","decl":{"start":{"line":178,"column":2},"end":{"line":178,"column":18}},"loc":{"start":{"line":178,"column":45},"end":{"line":180,"column":3}}},"17":{"name":"(anonymous_21)","decl":{"start":{"line":182,"column":2},"end":{"line":182,"column":21}},"loc":{"start":{"line":182,"column":48},"end":{"line":184,"column":3}}},"18":{"name":"(anonymous_22)","decl":{"start":{"line":186,"column":2},"end":{"line":186,"column":18}},"loc":{"start":{"line":186,"column":45},"end":{"line":188,"column":3}}}},"branchMap":{"0":{"loc":{"start":{"line":50,"column":6},"end":{"line":52,"column":7}},"type":"if","locations":[{"start":{"line":50,"column":6},"end":{"line":52,"column":7}}]},"1":{"loc":{"start":{"line":58,"column":6},"end":{"line":60,"column":7}},"type":"if","locations":[{"start":{"line":58,"column":6},"end":{"line":60,"column":7}}]},"2":{"loc":{"start":{"line":105,"column":4},"end":{"line":112,"column":5}},"type":"if","locations":[{"start":{"line":105,"column":4},"end":{"line":112,"column":5}}]},"3":{"loc":{"start":{"line":105,"column":8},"end":{"line":105,"column":60}},"type":"binary-expr","locations":[{"start":{"line":105,"column":8},"end":{"line":105,"column":23}},{"start":{"line":105,"column":27},"end":{"line":105,"column":60}}]},"4":{"loc":{"start":{"line":137,"column":4},"end":{"line":144,"column":5}},"type":"if","locations":[{"start":{"line":137,"column":4},"end":{"line":144,"column":5}}]},"5":{"loc":{"start":{"line":137,"column":8},"end":{"line":137,"column":44}},"type":"binary-expr","locations":[{"start":{"line":137,"column":8},"end":{"line":137,"column":15}},{"start":{"line":137,"column":19},"end":{"line":137,"column":44}}]},"6":{"loc":{"start":{"line":27,"column":12},"end":{"line":27,"column":63}},"type":"binary-expr","locations":[{"start":{"line":27,"column":12},"end":{"line":27,"column":36}},{"start":{"line":27,"column":40},"end":{"line":27,"column":63}}]}},"s":{"0":0,"1":0,"2":0,"3":0,"4":0,"5":0,"6":0,"7":0,"8":0,"9":0,"10":0,"11":0,"12":0,"13":0,"14":0,"15":0,"16":0,"17":0,"18":0,"19":0,"20":0,"21":0,"22":0,"23":0,"24":0,"25":0,"26":0,"27":0,"28":0,"29":0,"30":0,"31":0,"32":0,"33":0,"34":0,"35":0,"36":0,"37":0,"38":0,"39":0,"40":0,"41":0,"42":0,"43":0,"44":0,"45":0,"46":0,"47":0,"48":0,"49":0,"50":0,"51":0,"52":0,"53":0,"54":0,"55":0,"56":0,"57":0,"58":0,"59":0},"f":{"0":0,"1":0,"2":0,"3":0,"4":0,"5":0,"6":0,"7":0,"8":0,"9":0,"10":0,"11":0,"12":0,"13":0,"14":0,"15":0,"16":0,"17":0,"18":0},"b":{"0":[0],"1":[0],"2":[0],"3":[0,0],"4":[0],"5":[0,0],"6":[0,0]}}
,"C:\\Users\\petit\\Projects\\EpiTrello2025\\EpiTrello2025\\apps\\api\\src\\boards\\boards.module.ts": {"path":"C:\\Users\\petit\\Projects\\EpiTrello2025\\EpiTrello2025\\apps\\api\\src\\boards\\boards.module.ts","statementMap":{"0":{"start":{"line":1,"column":0},"end":{"line":1,"column":40}},"1":{"start":{"line":2,"column":0},"end":{"line":2,"column":55}},"2":{"start":{"line":3,"column":0},"end":{"line":3,"column":49}},"3":{"start":{"line":4,"column":0},"end":{"line":4,"column":50}},"4":{"start":{"line":5,"column":0},"end":{"line":5,"column":67}},"5":{"start":{"line":6,"column":0},"end":{"line":6,"column":70}},"6":{"start":{"line":7,"column":0},"end":{"line":7,"column":59}},"7":{"start":{"line":8,"column":0},"end":{"line":8,"column":61}},"8":{"start":{"line":9,"column":0},"end":{"line":9,"column":61}},"9":{"start":{"line":12,"column":0},"end":{"line":12,"column":76}},"10":{"start":{"line":27,"column":7},"end":{"line":27,"column":null}},"11":{"start":{"line":27,"column":13},"end":{"line":27,"column":25}},"12":{"start":{"line":27,"column":13},"end":{"line":27,"column":null}}},"fnMap":{},"branchMap":{},"s":{"0":0,"1":0,"2":0,"3":0,"4":0,"5":0,"6":0,"7":0,"8":0,"9":0,"10":0,"11":0,"12":0},"f":{},"b":{}}
,"C:\\Users\\petit\\Projects\\EpiTrello2025\\EpiTrello2025\\apps\\api\\src\\boards\\boards.service.ts": {"path":"C:\\Users\\petit\\Projects\\EpiTrello2025\\EpiTrello2025\\apps\\api\\src\\boards\\boards.service.ts","statementMap":{"0":{"start":{"line":1,"column":0},"end":{"line":1,"column":104}},"1":{"start":{"line":3,"column":0},"end":{"line":3,"column":50}},"2":{"start":{"line":7,"column":0},"end":{"line":7,"column":78}},"3":{"start":{"line":8,"column":0},"end":{"line":8,"column":50}},"4":{"start":{"line":11,"column":7},"end":{"line":253,"column":null}},"5":{"start":{"line":13,"column":12},"end":{"line":13,"column":20}},"6":{"start":{"line":14,"column":12},"end":{"line":14,"column":34}},"7":{"start":{"line":18,"column":21},"end":{"line":18,"column":100}},"8":{"start":{"line":20,"column":4},"end":{"line":20,"column":74}},"9":{"start":{"line":20,"column":19},"end":{"line":20,"column":74}},"10":{"start":{"line":22,"column":4},"end":{"line":22,"column":85}},"11":{"start":{"line":26,"column":21},"end":{"line":26,"column":117}},"12":{"start":{"line":28,"column":4},"end":{"line":28,"column":74}},"13":{"start":{"line":28,"column":19},"end":{"line":28,"column":74}},"14":{"start":{"line":30,"column":18},"end":{"line":32,"column":6}},"15":{"start":{"line":34,"column":4},"end":{"line":34,"column":97}},"16":{"start":{"line":37,"column":26},"end":{"line":45,"column":6}},"17":{"start":{"line":47,"column":4},"end":{"line":53,"column":7}},"18":{"start":{"line":48,"column":40},"end":{"line":52,"column":8}},"19":{"start":{"line":55,"column":4},"end":{"line":55,"column":17}},"20":{"start":{"line":59,"column":19},"end":{"line":59,"column":90}},"21":{"start":{"line":61,"column":4},"end":{"line":61,"column":68}},"22":{"start":{"line":61,"column":17},"end":{"line":61,"column":68}},"23":{"start":{"line":63,"column":18},"end":{"line":69,"column":6}},"24":{"start":{"line":71,"column":4},"end":{"line":71,"column":63}},"25":{"start":{"line":71,"column":16},"end":{"line":71,"column":63}},"26":{"start":{"line":73,"column":4},"end":{"line":73,"column":17}},"27":{"start":{"line":82,"column":21},"end":{"line":84,"column":6}},"28":{"start":{"line":86,"column":4},"end":{"line":88,"column":5}},"29":{"start":{"line":87,"column":6},"end":{"line":87,"column":74}},"30":{"start":{"line":91,"column":20},"end":{"line":106,"column":6}},"31":{"start":{"line":109,"column":4},"end":{"line":115,"column":8}},"32":{"start":{"line":109,"column":36},"end":{"line":115,"column":6}},"33":{"start":{"line":124,"column":18},"end":{"line":126,"column":6}},"34":{"start":{"line":128,"column":4},"end":{"line":130,"column":5}},"35":{"start":{"line":129,"column":6},"end":{"line":129,"column":54}},"36":{"start":{"line":133,"column":24},"end":{"line":135,"column":6}},"37":{"start":{"line":137,"column":4},"end":{"line":139,"column":5}},"38":{"start":{"line":138,"column":6},"end":{"line":138,"column":75}},"39":{"start":{"line":142,"column":27},"end":{"line":147,"column":6}},"40":{"start":{"line":149,"column":4},"end":{"line":151,"column":5}},"41":{"start":{"line":150,"column":6},"end":{"line":150,"column":80}},"42":{"start":{"line":154,"column":30},"end":{"line":159,"column":6}},"43":{"start":{"line":161,"column":4},"end":{"line":163,"column":5}},"44":{"start":{"line":162,"column":6},"end":{"line":162,"column":114}},"45":{"start":{"line":166,"column":22},"end":{"line":181,"column":6}},"46":{"start":{"line":184,"column":4},"end":{"line":190,"column":7}},"47":{"start":{"line":193,"column":4},"end":{"line":199,"column":6}},"48":{"start":{"line":202,"column":4},"end":{"line":209,"column":6}},"49":{"start":{"line":218,"column":19},"end":{"line":220,"column":6}},"50":{"start":{"line":222,"column":4},"end":{"line":224,"column":5}},"51":{"start":{"line":223,"column":6},"end":{"line":223,"column":74}},"52":{"start":{"line":226,"column":4},"end":{"line":228,"column":5}},"53":{"start":{"line":227,"column":6},"end":{"line":227,"column":122}},"54":{"start":{"line":231,"column":95},"end":{"line":231,"column":97}},"55":{"start":{"line":233,"column":4},"end":{"line":235,"column":5}},"56":{"start":{"line":234,"column":6},"end":{"line":234,"column":35}},"57":{"start":{"line":236,"column":4},"end":{"line":238,"column":5}},"58":{"start":{"line":237,"column":6},"end":{"line":237,"column":55}},"59":{"start":{"line":239,"column":4},"end":{"line":241,"column":5}},"60":{"start":{"line":240,"column":6},"end":{"line":240,"column":55}},"61":{"start":{"line":244,"column":4},"end":{"line":251,"column":7}},"62":{"start":{"line":11,"column":13},"end":{"line":11,"column":26}},"63":{"start":{"line":11,"column":13},"end":{"line":253,"column":null}}},"fnMap":{"0":{"name":"(anonymous_2)","decl":{"start":{"line":12,"column":2},"end":{"line":12,"column":null}},"loc":{"start":{"line":14,"column":54},"end":{"line":15,"column":7}}},"1":{"name":"(anonymous_3)","decl":{"start":{"line":17,"column":2},"end":{"line":17,"column":7}},"loc":{"start":{"line":17,"column":59},"end":{"line":23,"column":3}}},"2":{"name":"(anonymous_4)","decl":{"start":{"line":25,"column":2},"end":{"line":25,"column":7}},"loc":{"start":{"line":25,"column":50},"end":{"line":56,"column":3}}},"3":{"name":"(anonymous_5)","decl":{"start":{"line":48,"column":30},"end":{"line":48,"column":35}},"loc":{"start":{"line":48,"column":40},"end":{"line":52,"column":8}}},"4":{"name":"(anonymous_6)","decl":{"start":{"line":58,"column":2},"end":{"line":58,"column":7}},"loc":{"start":{"line":58,"column":46},"end":{"line":74,"column":3}}},"5":{"name":"(anonymous_7)","decl":{"start":{"line":80,"column":2},"end":{"line":80,"column":7}},"loc":{"start":{"line":80,"column":50},"end":{"line":116,"column":3}}},"6":{"name":"(anonymous_8)","decl":{"start":{"line":109,"column":23},"end":{"line":109,"column":24}},"loc":{"start":{"line":109,"column":36},"end":{"line":115,"column":6}}},"7":{"name":"(anonymous_9)","decl":{"start":{"line":122,"column":2},"end":{"line":122,"column":7}},"loc":{"start":{"line":122,"column":74},"end":{"line":210,"column":3}}},"8":{"name":"(anonymous_10)","decl":{"start":{"line":216,"column":2},"end":{"line":216,"column":7}},"loc":{"start":{"line":216,"column":72},"end":{"line":252,"column":3}}}},"branchMap":{"0":{"loc":{"start":{"line":20,"column":4},"end":{"line":20,"column":74}},"type":"if","locations":[{"start":{"line":20,"column":4},"end":{"line":20,"column":74}}]},"1":{"loc":{"start":{"line":28,"column":4},"end":{"line":28,"column":74}},"type":"if","locations":[{"start":{"line":28,"column":4},"end":{"line":28,"column":74}}]},"2":{"loc":{"start":{"line":61,"column":4},"end":{"line":61,"column":68}},"type":"if","locations":[{"start":{"line":61,"column":4},"end":{"line":61,"column":68}}]},"3":{"loc":{"start":{"line":71,"column":4},"end":{"line":71,"column":63}},"type":"if","locations":[{"start":{"line":71,"column":4},"end":{"line":71,"column":63}}]},"4":{"loc":{"start":{"line":86,"column":4},"end":{"line":88,"column":5}},"type":"if","locations":[{"start":{"line":86,"column":4},"end":{"line":88,"column":5}}]},"5":{"loc":{"start":{"line":128,"column":4},"end":{"line":130,"column":5}},"type":"if","locations":[{"start":{"line":128,"column":4},"end":{"line":130,"column":5}}]},"6":{"loc":{"start":{"line":137,"column":4},"end":{"line":139,"column":5}},"type":"if","locations":[{"start":{"line":137,"column":4},"end":{"line":139,"column":5}}]},"7":{"loc":{"start":{"line":149,"column":4},"end":{"line":151,"column":5}},"type":"if","locations":[{"start":{"line":149,"column":4},"end":{"line":151,"column":5}}]},"8":{"loc":{"start":{"line":161,"column":4},"end":{"line":163,"column":5}},"type":"if","locations":[{"start":{"line":161,"column":4},"end":{"line":163,"column":5}}]},"9":{"loc":{"start":{"line":197,"column":9},"end":{"line":197,"column":46}},"type":"binary-expr","locations":[{"start":{"line":197,"column":9},"end":{"line":197,"column":25}},{"start":{"line":197,"column":29},"end":{"line":197,"column":46}}]},"10":{"loc":{"start":{"line":222,"column":4},"end":{"line":224,"column":5}},"type":"if","locations":[{"start":{"line":222,"column":4},"end":{"line":224,"column":5}}]},"11":{"loc":{"start":{"line":226,"column":4},"end":{"line":228,"column":5}},"type":"if","locations":[{"start":{"line":226,"column":4},"end":{"line":228,"column":5}}]},"12":{"loc":{"start":{"line":226,"column":8},"end":{"line":226,"column":58}},"type":"binary-expr","locations":[{"start":{"line":226,"column":8},"end":{"line":226,"column":31}},{"start":{"line":226,"column":35},"end":{"line":226,"column":58}}]},"13":{"loc":{"start":{"line":233,"column":4},"end":{"line":235,"column":5}},"type":"if","locations":[{"start":{"line":233,"column":4},"end":{"line":235,"column":5}}]},"14":{"loc":{"start":{"line":236,"column":4},"end":{"line":238,"column":5}},"type":"if","locations":[{"start":{"line":236,"column":4},"end":{"line":238,"column":5}}]},"15":{"loc":{"start":{"line":239,"column":4},"end":{"line":241,"column":5}},"type":"if","locations":[{"start":{"line":239,"column":4},"end":{"line":241,"column":5}}]}},"s":{"0":1,"1":1,"2":1,"3":1,"4":1,"5":12,"6":12,"7":1,"8":1,"9":0,"10":1,"11":3,"12":3,"13":1,"14":2,"15":2,"16":2,"17":2,"18":14,"19":2,"20":2,"21":2,"22":1,"23":1,"24":1,"25":0,"26":1,"27":1,"28":1,"29":0,"30":1,"31":1,"32":2,"33":4,"34":4,"35":0,"36":4,"37":4,"38":1,"39":3,"40":3,"41":1,"42":2,"43":2,"44":1,"45":1,"46":1,"47":1,"48":1,"49":0,"50":0,"51":0,"52":0,"53":0,"54":0,"55":0,"56":0,"57":0,"58":0,"59":0,"60":0,"61":0,"62":1,"63":1},"f":{"0":12,"1":1,"2":3,"3":14,"4":2,"5":1,"6":2,"7":4,"8":0},"b":{"0":[0],"1":[1],"2":[1],"3":[0],"4":[0],"5":[0],"6":[1],"7":[1],"8":[1],"9":[1,0],"10":[0],"11":[0],"12":[0,0],"13":[0],"14":[0],"15":[0]}}
,"C:\\Users\\petit\\Projects\\EpiTrello2025\\EpiTrello2025\\apps\\api\\src\\boards\\dto\\create-board.dto.ts": {"path":"C:\\Users\\petit\\Projects\\EpiTrello2025\\EpiTrello2025\\apps\\api\\src\\boards\\dto\\create-board.dto.ts","statementMap":{"0":{"start":{"line":1,"column":0},"end":{"line":1,"column":55}},"1":{"start":{"line":3,"column":0},"end":{"line":3,"column":13}},"2":{"start":{"line":4,"column":28},"end":{"line":4,"column":null}},"3":{"start":{"line":6,"column":28},"end":{"line":6,"column":null}}},"fnMap":{},"branchMap":{},"s":{"0":0,"1":0,"2":0,"3":0},"f":{},"b":{}}
,"C:\\Users\\petit\\Projects\\EpiTrello2025\\EpiTrello2025\\apps\\api\\src\\boards\\dto\\invite-member.dto.ts": {"path":"C:\\Users\\petit\\Projects\\EpiTrello2025\\EpiTrello2025\\apps\\api\\src\\boards\\dto\\invite-member.dto.ts","statementMap":{"0":{"start":{"line":1,"column":0},"end":{"line":1,"column":62}},"1":{"start":{"line":2,"column":0},"end":{"line":2,"column":43}},"2":{"start":{"line":4,"column":0},"end":{"line":4,"column":13}},"3":{"start":{"line":7,"column":2},"end":{"line":7,"column":null}},"4":{"start":{"line":11,"column":2},"end":{"line":11,"column":null}}},"fnMap":{},"branchMap":{},"s":{"0":0,"1":0,"2":0,"3":0,"4":0},"f":{},"b":{}}
,"C:\\Users\\petit\\Projects\\EpiTrello2025\\EpiTrello2025\\apps\\api\\src\\boards\\dto\\update-board.dto.ts": {"path":"C:\\Users\\petit\\Projects\\EpiTrello2025\\EpiTrello2025\\apps\\api\\src\\boards\\dto\\update-board.dto.ts","statementMap":{"0":{"start":{"line":1,"column":0},"end":{"line":1,"column":55}},"1":{"start":{"line":3,"column":0},"end":{"line":3,"column":13}},"2":{"start":{"line":6,"column":2},"end":{"line":6,"column":null}},"3":{"start":{"line":10,"column":2},"end":{"line":10,"column":null}},"4":{"start":{"line":14,"column":2},"end":{"line":14,"column":null}}},"fnMap":{},"branchMap":{},"s":{"0":0,"1":0,"2":0,"3":0,"4":0},"f":{},"b":{}}
,"C:\\Users\\petit\\Projects\\EpiTrello2025\\EpiTrello2025\\apps\\api\\src\\boards\\guards\\board-admin.guard.ts": {"path":"C:\\Users\\petit\\Projects\\EpiTrello2025\\EpiTrello2025\\apps\\api\\src\\boards\\guards\\board-admin.guard.ts","statementMap":{"0":{"start":{"line":1,"column":0},"end":{"line":1,"column":95}},"1":{"start":{"line":2,"column":0},"end":{"line":2,"column":71}},"2":{"start":{"line":8,"column":7},"end":{"line":33,"column":null}},"3":{"start":{"line":9,"column":22},"end":{"line":9,"column":40}},"4":{"start":{"line":12,"column":20},"end":{"line":12,"column":55}},"5":{"start":{"line":13,"column":19},"end":{"line":13,"column":35}},"6":{"start":{"line":14,"column":20},"end":{"line":14,"column":37}},"7":{"start":{"line":16,"column":4},"end":{"line":18,"column":5}},"8":{"start":{"line":17,"column":6},"end":{"line":17,"column":62}},"9":{"start":{"line":20,"column":17},"end":{"line":20,"column":78}},"10":{"start":{"line":22,"column":4},"end":{"line":24,"column":5}},"11":{"start":{"line":23,"column":6},"end":{"line":23,"column":74}},"12":{"start":{"line":27,"column":4},"end":{"line":29,"column":5}},"13":{"start":{"line":28,"column":6},"end":{"line":28,"column":109}},"14":{"start":{"line":31,"column":4},"end":{"line":31,"column":16}},"15":{"start":{"line":8,"column":13},"end":{"line":8,"column":28}},"16":{"start":{"line":8,"column":13},"end":{"line":33,"column":null}}},"fnMap":{"0":{"name":"(anonymous_2)","decl":{"start":{"line":9,"column":2},"end":{"line":9,"column":22}},"loc":{"start":{"line":9,"column":63},"end":{"line":9,"column":67}}},"1":{"name":"(anonymous_3)","decl":{"start":{"line":11,"column":2},"end":{"line":11,"column":7}},"loc":{"start":{"line":11,"column":45},"end":{"line":32,"column":3}}}},"branchMap":{"0":{"loc":{"start":{"line":16,"column":4},"end":{"line":18,"column":5}},"type":"if","locations":[{"start":{"line":16,"column":4},"end":{"line":18,"column":5}}]},"1":{"loc":{"start":{"line":16,"column":8},"end":{"line":16,"column":27}},"type":"binary-expr","locations":[{"start":{"line":16,"column":8},"end":{"line":16,"column":15}},{"start":{"line":16,"column":19},"end":{"line":16,"column":27}}]},"2":{"loc":{"start":{"line":22,"column":4},"end":{"line":24,"column":5}},"type":"if","locations":[{"start":{"line":22,"column":4},"end":{"line":24,"column":5}}]},"3":{"loc":{"start":{"line":27,"column":4},"end":{"line":29,"column":5}},"type":"if","locations":[{"start":{"line":27,"column":4},"end":{"line":29,"column":5}}]},"4":{"loc":{"start":{"line":27,"column":8},"end":{"line":27,"column":44}},"type":"binary-expr","locations":[{"start":{"line":27,"column":8},"end":{"line":27,"column":24}},{"start":{"line":27,"column":28},"end":{"line":27,"column":44}}]}},"s":{"0":0,"1":0,"2":0,"3":0,"4":0,"5":0,"6":0,"7":0,"8":0,"9":0,"10":0,"11":0,"12":0,"13":0,"14":0,"15":0,"16":0},"f":{"0":0,"1":0},"b":{"0":[0],"1":[0,0],"2":[0],"3":[0],"4":[0,0]}}
,"C:\\Users\\petit\\Projects\\EpiTrello2025\\EpiTrello2025\\apps\\api\\src\\boards\\guards\\board-read.guard.ts": {"path":"C:\\Users\\petit\\Projects\\EpiTrello2025\\EpiTrello2025\\apps\\api\\src\\boards\\guards\\board-read.guard.ts","statementMap":{"0":{"start":{"line":1,"column":0},"end":{"line":1,"column":95}},"1":{"start":{"line":2,"column":0},"end":{"line":2,"column":71}},"2":{"start":{"line":5,"column":7},"end":{"line":77,"column":null}},"3":{"start":{"line":6,"column":24},"end":{"line":6,"column":37}},"4":{"start":{"line":9,"column":24},"end":{"line":9,"column":59}},"5":{"start":{"line":10,"column":23},"end":{"line":10,"column":39}},"6":{"start":{"line":12,"column":8},"end":{"line":14,"column":9}},"7":{"start":{"line":13,"column":12},"end":{"line":13,"column":72}},"8":{"start":{"line":17,"column":24},"end":{"line":17,"column":58}},"9":{"start":{"line":19,"column":8},"end":{"line":21,"column":9}},"10":{"start":{"line":20,"column":12},"end":{"line":20,"column":63}},"11":{"start":{"line":24,"column":21},"end":{"line":24,"column":77}},"12":{"start":{"line":26,"column":8},"end":{"line":28,"column":9}},"13":{"start":{"line":27,"column":12},"end":{"line":27,"column":80}},"14":{"start":{"line":31,"column":8},"end":{"line":33,"column":9}},"15":{"start":{"line":32,"column":12},"end":{"line":32,"column":90}},"16":{"start":{"line":35,"column":8},"end":{"line":35,"column":20}},"17":{"start":{"line":44,"column":8},"end":{"line":46,"column":9}},"18":{"start":{"line":45,"column":12},"end":{"line":45,"column":37}},"19":{"start":{"line":47,"column":8},"end":{"line":49,"column":9}},"20":{"start":{"line":48,"column":12},"end":{"line":48,"column":42}},"21":{"start":{"line":50,"column":8},"end":{"line":52,"column":9}},"22":{"start":{"line":51,"column":12},"end":{"line":51,"column":41}},"23":{"start":{"line":53,"column":8},"end":{"line":55,"column":9}},"24":{"start":{"line":54,"column":12},"end":{"line":54,"column":40}},"25":{"start":{"line":58,"column":23},"end":{"line":58,"column":68}},"26":{"start":{"line":59,"column":8},"end":{"line":61,"column":9}},"27":{"start":{"line":60,"column":12},"end":{"line":60,"column":69}},"28":{"start":{"line":64,"column":23},"end":{"line":64,"column":41}},"29":{"start":{"line":65,"column":8},"end":{"line":67,"column":9}},"30":{"start":{"line":66,"column":12},"end":{"line":66,"column":69}},"31":{"start":{"line":70,"column":28},"end":{"line":70,"column":46}},"32":{"start":{"line":71,"column":8},"end":{"line":73,"column":9}},"33":{"start":{"line":72,"column":12},"end":{"line":72,"column":74}},"34":{"start":{"line":75,"column":8},"end":{"line":75,"column":20}},"35":{"start":{"line":5,"column":13},"end":{"line":5,"column":27}},"36":{"start":{"line":5,"column":13},"end":{"line":77,"column":null}}},"fnMap":{"0":{"name":"(anonymous_2)","decl":{"start":{"line":6,"column":4},"end":{"line":6,"column":24}},"loc":{"start":{"line":6,"column":60},"end":{"line":6,"column":65}}},"1":{"name":"(anonymous_3)","decl":{"start":{"line":8,"column":4},"end":{"line":8,"column":9}},"loc":{"start":{"line":8,"column":47},"end":{"line":36,"column":5}}},"2":{"name":"(anonymous_4)","decl":{"start":{"line":42,"column":12},"end":{"line":42,"column":17}},"loc":{"start":{"line":42,"column":45},"end":{"line":76,"column":5}}}},"branchMap":{"0":{"loc":{"start":{"line":12,"column":8},"end":{"line":14,"column":9}},"type":"if","locations":[{"start":{"line":12,"column":8},"end":{"line":14,"column":9}}]},"1":{"loc":{"start":{"line":19,"column":8},"end":{"line":21,"column":9}},"type":"if","locations":[{"start":{"line":19,"column":8},"end":{"line":21,"column":9}}]},"2":{"loc":{"start":{"line":26,"column":8},"end":{"line":28,"column":9}},"type":"if","locations":[{"start":{"line":26,"column":8},"end":{"line":28,"column":9}}]},"3":{"loc":{"start":{"line":31,"column":8},"end":{"line":33,"column":9}},"type":"if","locations":[{"start":{"line":31,"column":8},"end":{"line":33,"column":9}}]},"4":{"loc":{"start":{"line":44,"column":8},"end":{"line":46,"column":9}},"type":"if","locations":[{"start":{"line":44,"column":8},"end":{"line":46,"column":9}}]},"5":{"loc":{"start":{"line":44,"column":12},"end":{"line":44,"column":75}},"type":"binary-expr","locations":[{"start":{"line":44,"column":12},"end":{"line":44,"column":30}},{"start":{"line":44,"column":34},"end":{"line":44,"column":75}}]},"6":{"loc":{"start":{"line":47,"column":8},"end":{"line":49,"column":9}},"type":"if","locations":[{"start":{"line":47,"column":8},"end":{"line":49,"column":9}}]},"7":{"loc":{"start":{"line":50,"column":8},"end":{"line":52,"column":9}},"type":"if","locations":[{"start":{"line":50,"column":8},"end":{"line":52,"column":9}}]},"8":{"loc":{"start":{"line":53,"column":8},"end":{"line":55,"column":9}},"type":"if","locations":[{"start":{"line":53,"column":8},"end":{"line":55,"column":9}}]},"9":{"loc":{"start":{"line":58,"column":23},"end":{"line":58,"column":68}},"type":"binary-expr","locations":[{"start":{"line":58,"column":23},"end":{"line":58,"column":44}},{"start":{"line":58,"column":48},"end":{"line":58,"column":68}}]},"10":{"loc":{"start":{"line":59,"column":8},"end":{"line":61,"column":9}},"type":"if","locations":[{"start":{"line":59,"column":8},"end":{"line":61,"column":9}}]},"11":{"loc":{"start":{"line":65,"column":8},"end":{"line":67,"column":9}},"type":"if","locations":[{"start":{"line":65,"column":8},"end":{"line":67,"column":9}}]},"12":{"loc":{"start":{"line":65,"column":12},"end":{"line":65,"column":62}},"type":"binary-expr","locations":[{"start":{"line":65,"column":12},"end":{"line":65,"column":18}},{"start":{"line":65,"column":22},"end":{"line":65,"column":62}}]},"13":{"loc":{"start":{"line":71,"column":8},"end":{"line":73,"column":9}},"type":"if","locations":[{"start":{"line":71,"column":8},"end":{"line":73,"column":9}}]},"14":{"loc":{"start":{"line":71,"column":12},"end":{"line":71,"column":67}},"type":"binary-expr","locations":[{"start":{"line":71,"column":12},"end":{"line":71,"column":23}},{"start":{"line":71,"column":27},"end":{"line":71,"column":67}}]}},"s":{"0":0,"1":0,"2":0,"3":0,"4":0,"5":0,"6":0,"7":0,"8":0,"9":0,"10":0,"11":0,"12":0,"13":0,"14":0,"15":0,"16":0,"17":0,"18":0,"19":0,"20":0,"21":0,"22":0,"23":0,"24":0,"25":0,"26":0,"27":0,"28":0,"29":0,"30":0,"31":0,"32":0,"33":0,"34":0,"35":0,"36":0},"f":{"0":0,"1":0,"2":0},"b":{"0":[0],"1":[0],"2":[0],"3":[0],"4":[0],"5":[0,0],"6":[0],"7":[0],"8":[0],"9":[0,0],"10":[0],"11":[0],"12":[0,0],"13":[0],"14":[0,0]}}
,"C:\\Users\\petit\\Projects\\EpiTrello2025\\EpiTrello2025\\apps\\api\\src\\boards\\guards\\board-write.guard.ts": {"path":"C:\\Users\\petit\\Projects\\EpiTrello2025\\EpiTrello2025\\apps\\api\\src\\boards\\guards\\board-write.guard.ts","statementMap":{"0":{"start":{"line":1,"column":0},"end":{"line":1,"column":95}},"1":{"start":{"line":2,"column":0},"end":{"line":2,"column":71}},"2":{"start":{"line":5,"column":7},"end":{"line":77,"column":null}},"3":{"start":{"line":6,"column":24},"end":{"line":6,"column":37}},"4":{"start":{"line":9,"column":24},"end":{"line":9,"column":59}},"5":{"start":{"line":10,"column":23},"end":{"line":10,"column":39}},"6":{"start":{"line":12,"column":8},"end":{"line":14,"column":9}},"7":{"start":{"line":13,"column":12},"end":{"line":13,"column":72}},"8":{"start":{"line":17,"column":24},"end":{"line":17,"column":58}},"9":{"start":{"line":19,"column":8},"end":{"line":21,"column":9}},"10":{"start":{"line":20,"column":12},"end":{"line":20,"column":63}},"11":{"start":{"line":24,"column":21},"end":{"line":24,"column":77}},"12":{"start":{"line":26,"column":8},"end":{"line":28,"column":9}},"13":{"start":{"line":27,"column":12},"end":{"line":27,"column":80}},"14":{"start":{"line":31,"column":8},"end":{"line":33,"column":9}},"15":{"start":{"line":32,"column":12},"end":{"line":32,"column":90}},"16":{"start":{"line":35,"column":8},"end":{"line":35,"column":20}},"17":{"start":{"line":44,"column":8},"end":{"line":46,"column":9}},"18":{"start":{"line":45,"column":12},"end":{"line":45,"column":37}},"19":{"start":{"line":47,"column":8},"end":{"line":49,"column":9}},"20":{"start":{"line":48,"column":12},"end":{"line":48,"column":42}},"21":{"start":{"line":50,"column":8},"end":{"line":52,"column":9}},"22":{"start":{"line":51,"column":12},"end":{"line":51,"column":41}},"23":{"start":{"line":53,"column":8},"end":{"line":55,"column":9}},"24":{"start":{"line":54,"column":12},"end":{"line":54,"column":40}},"25":{"start":{"line":58,"column":23},"end":{"line":58,"column":68}},"26":{"start":{"line":59,"column":8},"end":{"line":61,"column":9}},"27":{"start":{"line":60,"column":12},"end":{"line":60,"column":69}},"28":{"start":{"line":64,"column":23},"end":{"line":64,"column":41}},"29":{"start":{"line":65,"column":8},"end":{"line":67,"column":9}},"30":{"start":{"line":66,"column":12},"end":{"line":66,"column":69}},"31":{"start":{"line":70,"column":28},"end":{"line":70,"column":46}},"32":{"start":{"line":71,"column":8},"end":{"line":73,"column":9}},"33":{"start":{"line":72,"column":12},"end":{"line":72,"column":74}},"34":{"start":{"line":75,"column":8},"end":{"line":75,"column":20}},"35":{"start":{"line":5,"column":13},"end":{"line":5,"column":28}},"36":{"start":{"line":5,"column":13},"end":{"line":77,"column":null}}},"fnMap":{"0":{"name":"(anonymous_2)","decl":{"start":{"line":6,"column":4},"end":{"line":6,"column":24}},"loc":{"start":{"line":6,"column":60},"end":{"line":6,"column":65}}},"1":{"name":"(anonymous_3)","decl":{"start":{"line":8,"column":4},"end":{"line":8,"column":9}},"loc":{"start":{"line":8,"column":47},"end":{"line":36,"column":5}}},"2":{"name":"(anonymous_4)","decl":{"start":{"line":42,"column":12},"end":{"line":42,"column":17}},"loc":{"start":{"line":42,"column":45},"end":{"line":76,"column":5}}}},"branchMap":{"0":{"loc":{"start":{"line":12,"column":8},"end":{"line":14,"column":9}},"type":"if","locations":[{"start":{"line":12,"column":8},"end":{"line":14,"column":9}}]},"1":{"loc":{"start":{"line":19,"column":8},"end":{"line":21,"column":9}},"type":"if","locations":[{"start":{"line":19,"column":8},"end":{"line":21,"column":9}}]},"2":{"loc":{"start":{"line":26,"column":8},"end":{"line":28,"column":9}},"type":"if","locations":[{"start":{"line":26,"column":8},"end":{"line":28,"column":9}}]},"3":{"loc":{"start":{"line":31,"column":8},"end":{"line":33,"column":9}},"type":"if","locations":[{"start":{"line":31,"column":8},"end":{"line":33,"column":9}}]},"4":{"loc":{"start":{"line":44,"column":8},"end":{"line":46,"column":9}},"type":"if","locations":[{"start":{"line":44,"column":8},"end":{"line":46,"column":9}}]},"5":{"loc":{"start":{"line":44,"column":12},"end":{"line":44,"column":75}},"type":"binary-expr","locations":[{"start":{"line":44,"column":12},"end":{"line":44,"column":30}},{"start":{"line":44,"column":34},"end":{"line":44,"column":75}}]},"6":{"loc":{"start":{"line":47,"column":8},"end":{"line":49,"column":9}},"type":"if","locations":[{"start":{"line":47,"column":8},"end":{"line":49,"column":9}}]},"7":{"loc":{"start":{"line":50,"column":8},"end":{"line":52,"column":9}},"type":"if","locations":[{"start":{"line":50,"column":8},"end":{"line":52,"column":9}}]},"8":{"loc":{"start":{"line":53,"column":8},"end":{"line":55,"column":9}},"type":"if","locations":[{"start":{"line":53,"column":8},"end":{"line":55,"column":9}}]},"9":{"loc":{"start":{"line":58,"column":23},"end":{"line":58,"column":68}},"type":"binary-expr","locations":[{"start":{"line":58,"column":23},"end":{"line":58,"column":44}},{"start":{"line":58,"column":48},"end":{"line":58,"column":68}}]},"10":{"loc":{"start":{"line":59,"column":8},"end":{"line":61,"column":9}},"type":"if","locations":[{"start":{"line":59,"column":8},"end":{"line":61,"column":9}}]},"11":{"loc":{"start":{"line":65,"column":8},"end":{"line":67,"column":9}},"type":"if","locations":[{"start":{"line":65,"column":8},"end":{"line":67,"column":9}}]},"12":{"loc":{"start":{"line":65,"column":12},"end":{"line":65,"column":62}},"type":"binary-expr","locations":[{"start":{"line":65,"column":12},"end":{"line":65,"column":18}},{"start":{"line":65,"column":22},"end":{"line":65,"column":62}}]},"13":{"loc":{"start":{"line":71,"column":8},"end":{"line":73,"column":9}},"type":"if","locations":[{"start":{"line":71,"column":8},"end":{"line":73,"column":9}}]},"14":{"loc":{"start":{"line":71,"column":12},"end":{"line":71,"column":67}},"type":"binary-expr","locations":[{"start":{"line":71,"column":12},"end":{"line":71,"column":23}},{"start":{"line":71,"column":27},"end":{"line":71,"column":67}}]}},"s":{"0":0,"1":0,"2":0,"3":0,"4":0,"5":0,"6":0,"7":0,"8":0,"9":0,"10":0,"11":0,"12":0,"13":0,"14":0,"15":0,"16":0,"17":0,"18":0,"19":0,"20":0,"21":0,"22":0,"23":0,"24":0,"25":0,"26":0,"27":0,"28":0,"29":0,"30":0,"31":0,"32":0,"33":0,"34":0,"35":0,"36":0},"f":{"0":0,"1":0,"2":0},"b":{"0":[0],"1":[0],"2":[0],"3":[0],"4":[0],"5":[0,0],"6":[0],"7":[0],"8":[0],"9":[0,0],"10":[0],"11":[0],"12":[0,0],"13":[0],"14":[0,0]}}
,"C:\\Users\\petit\\Projects\\EpiTrello2025\\EpiTrello2025\\apps\\api\\src\\cards\\cards.controller.ts": {"path":"C:\\Users\\petit\\Projects\\EpiTrello2025\\EpiTrello2025\\apps\\api\\src\\cards\\cards.controller.ts","statementMap":{"0":{"start":{"line":1,"column":0},"end":{"line":1,"column":110}},"1":{"start":{"line":2,"column":0},"end":{"line":2,"column":54}},"2":{"start":{"line":3,"column":0},"end":{"line":3,"column":67}},"3":{"start":{"line":4,"column":0},"end":{"line":4,"column":69}},"4":{"start":{"line":5,"column":0},"end":{"line":5,"column":47}},"5":{"start":{"line":6,"column":0},"end":{"line":6,"column":54}},"6":{"start":{"line":7,"column":0},"end":{"line":7,"column":50}},"7":{"start":{"line":8,"column":0},"end":{"line":8,"column":54}},"8":{"start":{"line":9,"column":0},"end":{"line":9,"column":63}},"9":{"start":{"line":10,"column":0},"end":{"line":10,"column":58}},"10":{"start":{"line":11,"column":0},"end":{"line":11,"column":57}},"11":{"start":{"line":12,"column":0},"end":{"line":12,"column":64}},"12":{"start":{"line":13,"column":0},"end":{"line":13,"column":69}},"13":{"start":{"line":17,"column":7},"end":{"line":166,"column":null}},"14":{"start":{"line":19,"column":25},"end":{"line":19,"column":39}},"15":{"start":{"line":20,"column":25},"end":{"line":20,"column":40}},"16":{"start":{"line":21,"column":25},"end":{"line":21,"column":44}},"17":{"start":{"line":30,"column":8},"end":{"line":34,"column":10}},"18":{"start":{"line":40,"column":8},"end":{"line":40,"column":59}},"19":{"start":{"line":46,"column":8},"end":{"line":46,"column":68}},"20":{"start":{"line":52,"column":8},"end":{"line":52,"column":64}},"21":{"start":{"line":58,"column":8},"end":{"line":58,"column":70}},"22":{"start":{"line":64,"column":8},"end":{"line":64,"column":72}},"23":{"start":{"line":70,"column":8},"end":{"line":70,"column":58}},"24":{"start":{"line":85,"column":8},"end":{"line":85,"column":86}},"25":{"start":{"line":98,"column":8},"end":{"line":98,"column":84}},"26":{"start":{"line":111,"column":8},"end":{"line":111,"column":64}},"27":{"start":{"line":116,"column":8},"end":{"line":116,"column":68}},"28":{"start":{"line":122,"column":8},"end":{"line":122,"column":66}},"29":{"start":{"line":136,"column":8},"end":{"line":136,"column":65}},"30":{"start":{"line":150,"column":8},"end":{"line":150,"column":76}},"31":{"start":{"line":164,"column":8},"end":{"line":164,"column":81}},"32":{"start":{"line":17,"column":13},"end":{"line":17,"column":28}},"33":{"start":{"line":25,"column":4},"end":{"line":35,"column":null}},"34":{"start":{"line":39,"column":4},"end":{"line":41,"column":null}},"35":{"start":{"line":45,"column":4},"end":{"line":47,"column":null}},"36":{"start":{"line":51,"column":4},"end":{"line":53,"column":null}},"37":{"start":{"line":57,"column":4},"end":{"line":59,"column":null}},"38":{"start":{"line":63,"column":4},"end":{"line":65,"column":null}},"39":{"start":{"line":69,"column":4},"end":{"line":71,"column":null}},"40":{"start":{"line":80,"column":4},"end":{"line":86,"column":null}},"41":{"start":{"line":93,"column":4},"end":{"line":99,"column":null}},"42":{"start":{"line":107,"column":4},"end":{"line":112,"column":null}},"43":{"start":{"line":115,"column":4},"end":{"line":117,"column":null}},"44":{"start":{"line":121,"column":4},"end":{"line":123,"column":null}},"45":{"start":{"line":132,"column":4},"end":{"line":137,"column":null}},"46":{"start":{"line":145,"column":4},"end":{"line":151,"column":null}},"47":{"start":{"line":159,"column":4},"end":{"line":165,"column":null}},"48":{"start":{"line":17,"column":13},"end":{"line":166,"column":null}}},"fnMap":{"0":{"name":"(anonymous_4)","decl":{"start":{"line":18,"column":4},"end":{"line":18,"column":null}},"loc":{"start":{"line":21,"column":61},"end":{"line":22,"column":9}}},"1":{"name":"(anonymous_5)","decl":{"start":{"line":25,"column":4},"end":{"line":25,"column":17}},"loc":{"start":{"line":28,"column":39},"end":{"line":35,"column":5}}},"2":{"name":"(anonymous_6)","decl":{"start":{"line":39,"column":4},"end":{"line":39,"column":8}},"loc":{"start":{"line":39,"column":61},"end":{"line":41,"column":5}}},"3":{"name":"(anonymous_7)","decl":{"start":{"line":45,"column":4},"end":{"line":45,"column":10}},"loc":{"start":{"line":45,"column":68},"end":{"line":47,"column":5}}},"4":{"name":"(anonymous_8)","decl":{"start":{"line":51,"column":4},"end":{"line":51,"column":8}},"loc":{"start":{"line":51,"column":62},"end":{"line":53,"column":5}}},"5":{"name":"(anonymous_9)","decl":{"start":{"line":57,"column":4},"end":{"line":57,"column":13}},"loc":{"start":{"line":57,"column":74},"end":{"line":59,"column":5}}},"6":{"name":"(anonymous_10)","decl":{"start":{"line":63,"column":4},"end":{"line":63,"column":10}},"loc":{"start":{"line":63,"column":93},"end":{"line":65,"column":5}}},"7":{"name":"(anonymous_11)","decl":{"start":{"line":69,"column":4},"end":{"line":69,"column":11}},"loc":{"start":{"line":69,"column":56},"end":{"line":71,"column":5}}},"8":{"name":"(anonymous_12)","decl":{"start":{"line":80,"column":4},"end":{"line":80,"column":15}},"loc":{"start":{"line":83,"column":27},"end":{"line":86,"column":5}}},"9":{"name":"(anonymous_13)","decl":{"start":{"line":93,"column":4},"end":{"line":93,"column":15}},"loc":{"start":{"line":96,"column":27},"end":{"line":99,"column":5}}},"10":{"name":"(anonymous_14)","decl":{"start":{"line":107,"column":4},"end":{"line":107,"column":13}},"loc":{"start":{"line":109,"column":27},"end":{"line":112,"column":5}}},"11":{"name":"(anonymous_15)","decl":{"start":{"line":115,"column":4},"end":{"line":115,"column":15}},"loc":{"start":{"line":115,"column":70},"end":{"line":117,"column":5}}},"12":{"name":"(anonymous_16)","decl":{"start":{"line":121,"column":4},"end":{"line":121,"column":19}},"loc":{"start":{"line":121,"column":64},"end":{"line":123,"column":5}}},"13":{"name":"(anonymous_17)","decl":{"start":{"line":132,"column":4},"end":{"line":132,"column":14}},"loc":{"start":{"line":134,"column":27},"end":{"line":137,"column":5}}},"14":{"name":"(anonymous_18)","decl":{"start":{"line":145,"column":4},"end":{"line":145,"column":13}},"loc":{"start":{"line":148,"column":27},"end":{"line":151,"column":5}}},"15":{"name":"(anonymous_19)","decl":{"start":{"line":159,"column":4},"end":{"line":159,"column":16}},"loc":{"start":{"line":162,"column":27},"end":{"line":165,"column":5}}}},"branchMap":{"0":{"loc":{"start":{"line":32,"column":12},"end":{"line":32,"column":40}},"type":"cond-expr","locations":[{"start":{"line":32,"column":20},"end":{"line":32,"column":35}},{"start":{"line":32,"column":38},"end":{"line":32,"column":40}}]},"1":{"loc":{"start":{"line":33,"column":12},"end":{"line":33,"column":41}},"type":"cond-expr","locations":[{"start":{"line":33,"column":21},"end":{"line":33,"column":37}},{"start":{"line":33,"column":40},"end":{"line":33,"column":41}}]}},"s":{"0":0,"1":0,"2":0,"3":0,"4":0,"5":0,"6":0,"7":0,"8":0,"9":0,"10":0,"11":0,"12":0,"13":0,"14":0,"15":0,"16":0,"17":0,"18":0,"19":0,"20":0,"21":0,"22":0,"23":0,"24":0,"25":0,"26":0,"27":0,"28":0,"29":0,"30":0,"31":0,"32":0,"33":0,"34":0,"35":0,"36":0,"37":0,"38":0,"39":0,"40":0,"41":0,"42":0,"43":0,"44":0,"45":0,"46":0,"47":0,"48":0},"f":{"0":0,"1":0,"2":0,"3":0,"4":0,"5":0,"6":0,"7":0,"8":0,"9":0,"10":0,"11":0,"12":0,"13":0,"14":0,"15":0},"b":{"0":[0,0],"1":[0,0]}}
,"C:\\Users\\petit\\Projects\\EpiTrello2025\\EpiTrello2025\\apps\\api\\src\\cards\\cards.module.ts": {"path":"C:\\Users\\petit\\Projects\\EpiTrello2025\\EpiTrello2025\\apps\\api\\src\\cards\\cards.module.ts","statementMap":{"0":{"start":{"line":1,"column":0},"end":{"line":1,"column":40}},"1":{"start":{"line":2,"column":0},"end":{"line":2,"column":47}},"2":{"start":{"line":3,"column":0},"end":{"line":3,"column":53}},"3":{"start":{"line":4,"column":0},"end":{"line":4,"column":50}},"4":{"start":{"line":5,"column":0},"end":{"line":5,"column":55}},"5":{"start":{"line":6,"column":0},"end":{"line":6,"column":55}},"6":{"start":{"line":7,"column":0},"end":{"line":7,"column":67}},"7":{"start":{"line":8,"column":0},"end":{"line":8,"column":76}},"8":{"start":{"line":16,"column":7},"end":{"line":16,"column":null}},"9":{"start":{"line":16,"column":13},"end":{"line":16,"column":24}},"10":{"start":{"line":16,"column":13},"end":{"line":16,"column":null}}},"fnMap":{},"branchMap":{},"s":{"0":0,"1":0,"2":0,"3":0,"4":0,"5":0,"6":0,"7":0,"8":0,"9":0,"10":0},"f":{},"b":{}}
[...]
"end":{"line":210,"column":5}},"type":"if","locations":[{"start":{"line":202,"column":4},"end":{"line":210,"column":5}}]},"5":{"loc":{"start":{"line":204,"column":6},"end":{"line":209,"column":7}},"type":"if","locations":[{"start":{"line":204,"column":6},"end":{"line":209,"column":7}}]},"6":{"loc":{"start":{"line":206,"column":8},"end":{"line":208,"column":9}},"type":"if","locations":[{"start":{"line":206,"column":8},"end":{"line":208,"column":9}}]},"7":{"loc":{"start":{"line":219,"column":6},"end":{"line":221,"column":7}},"type":"if","locations":[{"start":{"line":219,"column":6},"end":{"line":221,"column":7}}]},"8":{"loc":{"start":{"line":227,"column":6},"end":{"line":229,"column":7}},"type":"if","locations":[{"start":{"line":227,"column":6},"end":{"line":229,"column":7}}]},"9":{"loc":{"start":{"line":247,"column":4},"end":{"line":249,"column":5}},"type":"if","locations":[{"start":{"line":247,"column":4},"end":{"line":249,"column":5}}]},"10":{"loc":{"start":{"line":269,"column":4},"end":{"line":274,"column":5}},"type":"if","locations":[{"start":{"line":269,"column":4},"end":{"line":274,"column":5}}]},"11":{"loc":{"start":{"line":271,"column":6},"end":{"line":273,"column":7}},"type":"if","locations":[{"start":{"line":271,"column":6},"end":{"line":273,"column":7}}]},"12":{"loc":{"start":{"line":293,"column":4},"end":{"line":295,"column":5}},"type":"if","locations":[{"start":{"line":293,"column":4},"end":{"line":295,"column":5}}]},"13":{"loc":{"start":{"line":315,"column":4},"end":{"line":320,"column":5}},"type":"if","locations":[{"start":{"line":315,"column":4},"end":{"line":320,"column":5}}]},"14":{"loc":{"start":{"line":317,"column":6},"end":{"line":319,"column":7}},"type":"if","locations":[{"start":{"line":317,"column":6},"end":{"line":319,"column":7}}]},"15":{"loc":{"start":{"line":339,"column":4},"end":{"line":345,"column":5}},"type":"if","locations":[{"start":{"line":339,"column":4},"end":{"line":345,"column":5}}]},"16":{"loc":{"start":{"line":339,"column":8},"end":{"line":339,"column":60}},"type":"binary-expr","locations":[{"start":{"line":339,"column":8},"end":{"line":339,"column":23}},{"start":{"line":339,"column":27},"end":{"line":339,"column":60}}]},"17":{"loc":{"start":{"line":370,"column":4},"end":{"line":377,"column":5}},"type":"if","locations":[{"start":{"line":370,"column":4},"end":{"line":377,"column":5}}]},"18":{"loc":{"start":{"line":370,"column":8},"end":{"line":370,"column":44}},"type":"binary-expr","locations":[{"start":{"line":370,"column":8},"end":{"line":370,"column":15}},{"start":{"line":370,"column":19},"end":{"line":370,"column":44}}]},"19":{"loc":{"start":{"line":517,"column":11},"end":{"line":517,"column":58}},"type":"binary-expr","locations":[{"start":{"line":517,"column":11},"end":{"line":517,"column":53}},{"start":{"line":517,"column":57},"end":{"line":517,"column":58}}]},"20":{"loc":{"start":{"line":525,"column":11},"end":{"line":525,"column":52}},"type":"binary-expr","locations":[{"start":{"line":525,"column":11},"end":{"line":525,"column":32}},{"start":{"line":525,"column":36},"end":{"line":525,"column":52}}]},"21":{"loc":{"start":{"line":532,"column":22},"end":{"line":532,"column":60}},"type":"binary-expr","locations":[{"start":{"line":532,"column":22},"end":{"line":532,"column":54}},{"start":{"line":532,"column":58},"end":{"line":532,"column":60}}]},"22":{"loc":{"start":{"line":151,"column":12},"end":{"line":151,"column":63}},"type":"binary-expr","locations":[{"start":{"line":151,"column":12},"end":{"line":151,"column":36}},{"start":{"line":151,"column":40},"end":{"line":151,"column":63}}]}},"s":{"0":4,"1":4,"2":4,"3":4,"4":4,"5":4,"6":4,"7":4,"8":4,"9":4,"10":4,"11":4,"12":4,"13":4,"14":4,"15":4,"16":4,"17":4,"18":4,"19":4,"20":4,"21":4,"22":4,"23":4,"24":4,"25":4,"26":4,"27":4,"28":4,"29":4,"30":4,"31":4,"32":4,"33":4,"34":4,"35":4,"36":0,"37":0,"38":0,"39":0,"40":0,"41":0,"42":0,"43":0,"44":0,"45":0,"46":0,"47":0,"48":0,"49":0,"50":0,"51":0,"52":0,"53":0,"54":0,"55":0,"56":0,"57":0,"58":0,"59":0,"60":0,"61":0,"62":0,"63":0,"64":0,"65":0,"66":0,"67":0,"68":0,"69":0,"70":0,"71":0,"72":0,"73":0,"74":0,"75":0,"76":0,"77":0,"78":0,"79":0,"80":0,"81":0,"82":0,"83":0,"84":0,"85":0,"86":0,"87":0,"88":0,"89":0,"90":0,"91":0,"92":0,"93":0,"94":0,"95":0,"96":0,"97":0,"98":0,"99":0,"100":0,"101":0,"102":0,"103":0,"104":0,"105":0,"106":0,"107":0,"108":0,"109":0,"110":0,"111":0,"112":0,"113":0,"114":0,"115":0,"116":0,"117":0,"118":0,"119":0,"120":0,"121":0,"122":0,"123":0,"124":0,"125":0,"126":0,"127":0,"128":0,"129":0,"130":0,"131":0,"132":0,"133":0,"134":0,"135":0,"136":0,"137":0,"138":0,"139":0,"140":0,"141":0,"142":0,"143":0,"144":0,"145":0,"146":0,"147":0,"148":0,"149":0,"150":0,"151":0,"152":0,"153":0,"154":0,"155":0,"156":0,"157":0,"158":0,"159":0,"160":0,"161":0,"162":0,"163":0,"164":0,"165":0,"166":0,"167":0,"168":0,"169":0,"170":0,"171":0,"172":0,"173":0,"174":0,"175":0,"176":0,"177":0,"178":4,"179":4,"180":4,"181":4,"182":4,"183":4,"184":4,"185":4,"186":4},"f":{"0":4,"1":0,"2":0,"3":0,"4":0,"5":0,"6":0,"7":0,"8":0,"9":0,"10":0,"11":0,"12":0,"13":0,"14":0,"15":0,"16":0,"17":0,"18":0,"19":0,"20":0,"21":0,"22":0,"23":0,"24":0,"25":0,"26":0,"27":0,"28":0,"29":0,"30":0,"31":0,"32":0},"b":{"0":[4,4],"1":[0],"2":[0],"3":[0],"4":[0],"5":[0],"6":[0],"7":[0],"8":[0],"9":[0],"10":[0],"11":[0],"12":[0],"13":[0],"14":[0],"15":[0],"16":[0,0],"17":[0],"18":[0,0],"19":[0,0],"20":[0,0],"21":[0,0],"22":[4,4]}}
,"C:\\Users\\petit\\Projects\\EpiTrello2025\\EpiTrello2025\\apps\\api\\src\\websockets\\websockets.module.ts": {"path":"C:\\Users\\petit\\Projects\\EpiTrello2025\\EpiTrello2025\\apps\\api\\src\\websockets\\websockets.module.ts","statementMap":{"0":{"start":{"line":1,"column":0},"end":{"line":1,"column":60}},"1":{"start":{"line":2,"column":0},"end":{"line":2,"column":57}},"2":{"start":{"line":9,"column":7},"end":{"line":9,"column":null}},"3":{"start":{"line":9,"column":13},"end":{"line":9,"column":29}},"4":{"start":{"line":9,"column":13},"end":{"line":9,"column":null}}},"fnMap":{},"branchMap":{},"s":{"0":0,"1":0,"2":0,"3":0,"4":0},"f":{},"b":{}}
,"C:\\Users\\petit\\Projects\\EpiTrello2025\\EpiTrello2025\\apps\\api\\src\\workspaces\\workspaces.controller.ts": {"path":"C:\\Users\\petit\\Projects\\EpiTrello2025\\EpiTrello2025\\apps\\api\\src\\workspaces\\workspaces.controller.ts","statementMap":{"0":{"start":{"line":2,"column":0},"end":{"line":2,"column":103}},"1":{"start":{"line":4,"column":0},"end":{"line":4,"column":54}},"2":{"start":{"line":6,"column":0},"end":{"line":6,"column":57}},"3":{"start":{"line":8,"column":0},"end":{"line":8,"column":64}},"4":{"start":{"line":10,"column":0},"end":{"line":10,"column":58}},"5":{"start":{"line":14,"column":7},"end":{"line":53,"column":null}},"6":{"start":{"line":15,"column":22},"end":{"line":15,"column":27}},"7":{"start":{"line":18,"column":30},"end":{"line":18,"column":71}},"8":{"start":{"line":22,"column":4},"end":{"line":22,"column":45}},"9":{"start":{"line":27,"column":4},"end":{"line":27,"column":44}},"10":{"start":{"line":32,"column":4},"end":{"line":32,"column":79}},"11":{"start":{"line":42,"column":4},"end":{"line":42,"column":83}},"12":{"start":{"line":51,"column":4},"end":{"line":51,"column":69}},"13":{"start":{"line":14,"column":13},"end":{"line":14,"column":33}},"14":{"start":{"line":18,"column":2},"end":{"line":18,"column":null}},"15":{"start":{"line":21,"column":2},"end":{"line":23,"column":null}},"16":{"start":{"line":26,"column":2},"end":{"line":28,"column":null}},"17":{"start":{"line":31,"column":2},"end":{"line":33,"column":null}},"18":{"start":{"line":36,"column":2},"end":{"line":43,"column":null}},"19":{"start":{"line":46,"column":2},"end":{"line":52,"column":null}},"20":{"start":{"line":14,"column":13},"end":{"line":53,"column":null}}},"fnMap":{"0":{"name":"(anonymous_4)","decl":{"start":{"line":15,"column":2},"end":{"line":15,"column":22}},"loc":{"start":{"line":15,"column":44},"end":{"line":15,"column":49}}},"1":{"name":"(anonymous_5)","decl":{"start":{"line":18,"column":2},"end":{"line":18,"column":6}},"loc":{"start":{"line":18,"column":26},"end":{"line":18,"column":73}}},"2":{"name":"(anonymous_6)","decl":{"start":{"line":21,"column":2},"end":{"line":21,"column":8}},"loc":{"start":{"line":21,"column":61},"end":{"line":23,"column":3}}},"3":{"name":"(anonymous_7)","decl":{"start":{"line":26,"column":2},"end":{"line":26,"column":5}},"loc":{"start":{"line":26,"column":50},"end":{"line":28,"column":3}}},"4":{"name":"(anonymous_8)","decl":{"start":{"line":31,"column":2},"end":{"line":31,"column":8}},"loc":{"start":{"line":31,"column":83},"end":{"line":33,"column":3}}},"5":{"name":"(anonymous_9)","decl":{"start":{"line":36,"column":2},"end":{"line":36,"column":18}},"loc":{"start":{"line":40,"column":58},"end":{"line":43,"column":3}}},"6":{"name":"(anonymous_10)","decl":{"start":{"line":46,"column":2},"end":{"line":46,"column":14}},"loc":{"start":{"line":49,"column":39},"end":{"line":52,"column":3}}}},"branchMap":{},"s":{"0":0,"1":0,"2":0,"3":0,"4":0,"5":0,"6":0,"7":0,"8":0,"9":0,"10":0,"11":0,"12":0,"13":0,"14":0,"15":0,"16":0,"17":0,"18":0,"19":0,"20":0},"f":{"0":0,"1":0,"2":0,"3":0,"4":0,"5":0,"6":0},"b":{}}
,"C:\\Users\\petit\\Projects\\EpiTrello2025\\EpiTrello2025\\apps\\api\\src\\workspaces\\workspaces.module.ts": {"path":"C:\\Users\\petit\\Projects\\EpiTrello2025\\EpiTrello2025\\apps\\api\\src\\workspaces\\workspaces.module.ts","statementMap":{"0":{"start":{"line":1,"column":0},"end":{"line":1,"column":40}},"1":{"start":{"line":2,"column":0},"end":{"line":2,"column":63}},"2":{"start":{"line":3,"column":0},"end":{"line":3,"column":57}},"3":{"start":{"line":4,"column":0},"end":{"line":4,"column":50}},"4":{"start":{"line":10,"column":7},"end":{"line":10,"column":null}},"5":{"start":{"line":10,"column":13},"end":{"line":10,"column":29}},"6":{"start":{"line":10,"column":13},"end":{"line":10,"column":null}}},"fnMap":{},"branchMap":{},"s":{"0":0,"1":0,"2":0,"3":0,"4":0,"5":0,"6":0},"f":{},"b":{}}
,"C:\\Users\\petit\\Projects\\EpiTrello2025\\EpiTrello2025\\apps\\api\\src\\workspaces\\workspaces.service.ts": {"path":"C:\\Users\\petit\\Projects\\EpiTrello2025\\EpiTrello2025\\apps\\api\\src\\workspaces\\workspaces.service.ts","statementMap":{"0":{"start":{"line":2,"column":0},"end":{"line":2,"column":83}},"1":{"start":{"line":4,"column":0},"end":{"line":4,"column":50}},"2":{"start":{"line":9,"column":7},"end":{"line":120,"column":null}},"3":{"start":{"line":10,"column":22},"end":{"line":10,"column":30}},"4":{"start":{"line":13,"column":4},"end":{"line":16,"column":7}},"5":{"start":{"line":20,"column":4},"end":{"line":33,"column":7}},"6":{"start":{"line":21,"column":17},"end":{"line":23,"column":8}},"7":{"start":{"line":25,"column":6},"end":{"line":27,"column":9}},"8":{"start":{"line":29,"column":6},"end":{"line":32,"column":9}},"9":{"start":{"line":37,"column":19},"end":{"line":37,"column":98}},"10":{"start":{"line":39,"column":4},"end":{"line":39,"column":62}},"11":{"start":{"line":39,"column":17},"end":{"line":39,"column":62}},"12":{"start":{"line":41,"column":4},"end":{"line":44,"column":7}},"13":{"start":{"line":49,"column":15},"end":{"line":49,"column":94}},"14":{"start":{"line":51,"column":4},"end":{"line":51,"column":100}},"15":{"start":{"line":51,"column":54},"end":{"line":51,"column":100}},"16":{"start":{"line":53,"column":17},"end":{"line":53,"column":72}},"17":{"start":{"line":55,"column":4},"end":{"line":55,"column":61}},"18":{"start":{"line":55,"column":15},"end":{"line":55,"column":61}},"19":{"start":{"line":57,"column":4},"end":{"line":61,"column":7}},"20":{"start":{"line":66,"column":15},"end":{"line":66,"column":94}},"21":{"start":{"line":67,"column":4},"end":{"line":69,"column":5}},"22":{"start":{"line":68,"column":6},"end":{"line":68,"column":75}},"23":{"start":{"line":72,"column":25},"end":{"line":75,"column":6}},"24":{"start":{"line":77,"column":4},"end":{"line":79,"column":5}},"25":{"start":{"line":78,"column":6},"end":{"line":78,"column":54}},"26":{"start":{"line":82,"column":4},"end":{"line":84,"column":5}},"27":{"start":{"line":83,"column":6},"end":{"line":83,"column":63}},"28":{"start":{"line":86,"column":4},"end":{"line":90,"column":7}},"29":{"start":{"line":95,"column":15},"end":{"line":95,"column":94}},"30":{"start":{"line":96,"column":4},"end":{"line":98,"column":5}},"31":{"start":{"line":97,"column":6},"end":{"line":97,"column":70}},"32":{"start":{"line":101,"column":25},"end":{"line":103,"column":6}},"33":{"start":{"line":105,"column":4},"end":{"line":107,"column":5}},"34":{"start":{"line":106,"column":6},"end":{"line":106,"column":54}},"35":{"start":{"line":110,"column":4},"end":{"line":112,"column":5}},"36":{"start":{"line":111,"column":6},"end":{"line":111,"column":68}},"37":{"start":{"line":114,"column":4},"end":{"line":116,"column":7}},"38":{"start":{"line":118,"column":4},"end":{"line":118,"column":54}},"39":{"start":{"line":9,"column":13},"end":{"line":9,"column":30}},"40":{"start":{"line":9,"column":13},"end":{"line":120,"column":null}}},"fnMap":{"0":{"name":"(anonymous_2)","decl":{"start":{"line":10,"column":2},"end":{"line":10,"column":22}},"loc":{"start":{"line":10,"column":43},"end":{"line":10,"column":48}}},"1":{"name":"(anonymous_3)","decl":{"start":{"line":12,"column":2},"end":{"line":12,"column":7}},"loc":{"start":{"line":12,"column":34},"end":{"line":17,"column":3}}},"2":{"name":"(anonymous_4)","decl":{"start":{"line":19,"column":2},"end":{"line":19,"column":7}},"loc":{"start":{"line":19,"column":54},"end":{"line":34,"column":3}}},"3":{"name":"(anonymous_5)","decl":{"start":{"line":20,"column":36},"end":{"line":20,"column":41}},"loc":{"start":{"line":20,"column":54},"end":{"line":33,"column":5}}},"4":{"name":"(anonymous_6)","decl":{"start":{"line":36,"column":2},"end":{"line":36,"column":7}},"loc":{"start":{"line":36,"column":50},"end":{"line":45,"column":3}}},"5":{"name":"(anonymous_7)","decl":{"start":{"line":47,"column":2},"end":{"line":47,"column":7}},"loc":{"start":{"line":47,"column":111},"end":{"line":62,"column":3}}},"6":{"name":"(anonymous_8)","decl":{"start":{"line":64,"column":2},"end":{"line":64,"column":7}},"loc":{"start":{"line":64,"column":120},"end":{"line":91,"column":3}}},"7":{"name":"(anonymous_9)","decl":{"start":{"line":93,"column":2},"end":{"line":93,"column":7}},"loc":{"start":{"line":93,"column":74},"end":{"line":119,"column":3}}}},"branchMap":{"0":{"loc":{"start":{"line":39,"column":4},"end":{"line":39,"column":62}},"type":"if","locations":[{"start":{"line":39,"column":4},"end":{"line":39,"column":62}}]},"1":{"loc":{"start":{"line":51,"column":4},"end":{"line":51,"column":100}},"type":"if","locations":[{"start":{"line":51,"column":4},"end":{"line":51,"column":100}}]},"2":{"loc":{"start":{"line":51,"column":8},"end":{"line":51,"column":52}},"type":"binary-expr","locations":[{"start":{"line":51,"column":8},"end":{"line":51,"column":11}},{"start":{"line":51,"column":15},"end":{"line":51,"column":52}}]},"3":{"loc":{"start":{"line":55,"column":4},"end":{"line":55,"column":61}},"type":"if","locations":[{"start":{"line":55,"column":4},"end":{"line":55,"column":61}}]},"4":{"loc":{"start":{"line":67,"column":4},"end":{"line":69,"column":5}},"type":"if","locations":[{"start":{"line":67,"column":4},"end":{"line":69,"column":5}}]},"5":{"loc":{"start":{"line":67,"column":8},"end":{"line":67,"column":52}},"type":"binary-expr","locations":[{"start":{"line":67,"column":8},"end":{"line":67,"column":11}},{"start":{"line":67,"column":15},"end":{"line":67,"column":52}}]},"6":{"loc":{"start":{"line":77,"column":4},"end":{"line":79,"column":5}},"type":"if","locations":[{"start":{"line":77,"column":4},"end":{"line":79,"column":5}}]},"7":{"loc":{"start":{"line":77,"column":8},"end":{"line":77,"column":65}},"type":"binary-expr","locations":[{"start":{"line":77,"column":8},"end":{"line":77,"column":21}},{"start":{"line":77,"column":25},"end":{"line":77,"column":65}}]},"8":{"loc":{"start":{"line":82,"column":4},"end":{"line":84,"column":5}},"type":"if","locations":[{"start":{"line":82,"column":4},"end":{"line":84,"column":5}}]},"9":{"loc":{"start":{"line":96,"column":4},"end":{"line":98,"column":5}},"type":"if","locations":[{"start":{"line":96,"column":4},"end":{"line":98,"column":5}}]},"10":{"loc":{"start":{"line":96,"column":8},"end":{"line":96,"column":52}},"type":"binary-expr","locations":[{"start":{"line":96,"column":8},"end":{"line":96,"column":11}},{"start":{"line":96,"column":15},"end":{"line":96,"column":52}}]},"11":{"loc":{"start":{"line":105,"column":4},"end":{"line":107,"column":5}},"type":"if","locations":[{"start":{"line":105,"column":4},"end":{"line":107,"column":5}}]},"12":{"loc":{"start":{"line":105,"column":8},"end":{"line":105,"column":65}},"type":"binary-expr","locations":[{"start":{"line":105,"column":8},"end":{"line":105,"column":21}},{"start":{"line":105,"column":25},"end":{"line":105,"column":65}}]},"13":{"loc":{"start":{"line":110,"column":4},"end":{"line":112,"column":5}},"type":"if","locations":[{"start":{"line":110,"column":4},"end":{"line":112,"column":5}}]}},"s":{"0":0,"1":0,"2":0,"3":0,"4":0,"5":0,"6":0,"7":0,"8":0,"9":0,"10":0,"11":0,"12":0,"13":0,"14":0,"15":0,"16":0,"17":0,"18":0,"19":0,"20":0,"21":0,"22":0,"23":0,"24":0,"25":0,"26":0,"27":0,"28":0,"29":0,"30":0,"31":0,"32":0,"33":0,"34":0,"35":0,"36":0,"37":0,"38":0,"39":0,"40":0},"f":{"0":0,"1":0,"2":0,"3":0,"4":0,"5":0,"6":0,"7":0},"b":{"0":[0],"1":[0],"2":[0,0],"3":[0],"4":[0],"5":[0,0],"6":[0],"7":[0,0],"8":[0],"9":[0],"10":[0,0],"11":[0],"12":[0,0],"13":[0]}}
,"C:\\Users\\petit\\Projects\\EpiTrello2025\\EpiTrello2025\\apps\\api\\src\\workspaces\\dto\\create-workspace.dto.ts": {"path":"C:\\Users\\petit\\Projects\\EpiTrello2025\\EpiTrello2025\\apps\\api\\src\\workspaces\\dto\\create-workspace.dto.ts","statementMap":{"0":{"start":{"line":2,"column":0},"end":{"line":2,"column":67}},"1":{"start":{"line":4,"column":0},"end":{"line":4,"column":13}},"2":{"start":{"line":5,"column":28},"end":{"line":5,"column":null}},"3":{"start":{"line":7,"column":28},"end":{"line":7,"column":null}}},"fnMap":{},"branchMap":{},"s":{"0":0,"1":0,"2":0,"3":0},"f":{},"b":{}}
,"C:\\Users\\petit\\Projects\\EpiTrello2025\\EpiTrello2025\\apps\\api\\src\\workspaces\\dto\\invite-member.dto.ts": {"path":"C:\\Users\\petit\\Projects\\EpiTrello2025\\EpiTrello2025\\apps\\api\\src\\workspaces\\dto\\invite-member.dto.ts","statementMap":{"0":{"start":{"line":2,"column":0},"end":{"line":2,"column":50}},"1":{"start":{"line":4,"column":0},"end":{"line":4,"column":31}},"2":{"start":{"line":4,"column":31},"end":{"line":4,"column":48}},"3":{"start":{"line":4,"column":48},"end":{"line":4,"column":65}},"4":{"start":{"line":4,"column":65},"end":{"line":4,"column":84}},"5":{"start":{"line":4,"column":84},"end":{"line":4,"column":106}},"6":{"start":{"line":6,"column":0},"end":{"line":6,"column":13}},"7":{"start":{"line":7,"column":13},"end":{"line":7,"column":null}},"8":{"start":{"line":9,"column":28},"end":{"line":9,"column":null}}},"fnMap":{"0":{"name":"(anonymous_2)","decl":{"start":{"line":4,"column":0},"end":{"line":4,"column":12}},"loc":{"start":{"line":4,"column":28},"end":{"line":4,"column":107}}}},"branchMap":{"0":{"loc":{"start":{"line":4,"column":12},"end":{"line":4,"column":31}},"type":"binary-expr","locations":[{"start":{"line":4,"column":12},"end":{"line":4,"column":28}},{"start":{"line":4,"column":28},"end":{"line":4,"column":31}}]}},"s":{"0":0,"1":0,"2":0,"3":0,"4":0,"5":0,"6":0,"7":0,"8":0},"f":{"0":0},"b":{"0":[0,0]}}
,"C:\\Users\\petit\\Projects\\EpiTrello2025\\EpiTrello2025\\apps\\api\\src\\workspaces\\dto\\update-member-role.dto.ts": {"path":"C:\\Users\\petit\\Projects\\EpiTrello2025\\EpiTrello2025\\apps\\api\\src\\workspaces\\dto\\update-member-role.dto.ts","statementMap":{"0":{"start":{"line":1,"column":0},"end":{"line":1,"column":51}},"1":{"start":{"line":3,"column":0},"end":{"line":3,"column":13}},"2":{"start":{"line":5,"column":4},"end":{"line":5,"column":null}}},"fnMap":{},"branchMap":{},"s":{"0":0,"1":0,"2":0},"f":{},"b":{}}
}
