TN:
SF:src\app.module.ts
FNF:0
FNH:0
DA:1,0
DA:2,0
DA:3,0
DA:4,0
DA:5,0
DA:6,0
DA:7,0
DA:8,0
DA:9,0
DA:10,0
DA:11,0
DA:12,0
DA:13,0
DA:14,0
DA:36,0
LF:15
LH:0
BRF:0
BRH:0
end_of_record
TN:
SF:src\main.ts
FN:7,bootstrap
FNF:1
FNH:0
FNDA:0,bootstrap
DA:1,0
DA:2,0
DA:3,0
DA:5,0
DA:8,0
DA:11,0
DA:16,0
DA:24,0
DA:26,0
DA:27,0
DA:28,0
DA:29,0
DA:31,0
LF:13
LH:0
BRDA:26,0,0,0
BRDA:26,0,1,0
BRF:2
BRH:0
end_of_record
TN:
SF:src\prisma.service.ts
FN:6,(anonymous_1)
FNF:1
FNH:0
FNDA:0,(anonymous_1)
DA:1,6
DA:2,6
DA:5,6
DA:7,0
LF:4
LH:3
BRF:0
BRH:0
end_of_record
TN:
SF:src\activities\activities.module.ts
FNF:0
FNH:0
DA:1,0
DA:2,0
DA:3,0
DA:10,0
LF:4
LH:0
BRF:0
BRH:0
end_of_record
TN:
SF:src\activities\activities.service.ts
FN:8,(anonymous_2)
FN:13,(anonymous_3)
FN:45,(anonymous_4)
FN:61,(anonymous_5)
FNF:4
FNH:0
FNDA:0,(anonymous_2)
FNDA:0,(anonymous_3)
FNDA:0,(anonymous_4)
FNDA:0,(anonymous_5)
DA:1,1
DA:2,1
DA:4,1
DA:7,1
DA:9,0
DA:10,0
DA:20,0
DA:40,0
DA:42,0
DA:46,0
DA:62,0
LF:11
LH:4
BRDA:61,0,0,0
BRDA:61,1,0,0
BRF:2
BRH:0
end_of_record
TN:
SF:src\attachments\attachments.controller.ts
FN:21,(anonymous_4)
FN:29,(anonymous_5)
FN:46,(anonymous_6)
FN:55,(anonymous_7)
FNF:4
FNH:0
FNDA:0,(anonymous_4)
FNDA:0,(anonymous_5)
FNDA:0,(anonymous_6)
FNDA:0,(anonymous_7)
DA:1,0
DA:13,0
DA:14,0
DA:15,0
DA:16,0
DA:20,0
DA:21,0
DA:29,0
DA:34,0
DA:35,0
DA:38,0
DA:46,0
DA:47,0
DA:55,0
DA:56,0
LF:15
LH:0
BRDA:34,0,0,0
BRF:1
BRH:0
end_of_record
TN:
SF:src\attachments\attachments.module.ts
FNF:0
FNH:0
DA:1,0
DA:2,0
DA:3,0
DA:4,0
DA:5,0
DA:6,0
DA:14,0
LF:7
LH:0
BRF:0
BRH:0
end_of_record
TN:
SF:src\attachments\attachments.service.ts
FN:13,(anonymous_2)
FN:18,(anonymous_3)
FN:54,(anonymous_4)
FN:83,(anonymous_5)
FN:115,(anonymous_6)
FN:137,(anonymous_7)
FN:159,(anonymous_8)
FNF:7
FNH:6
FNDA:5,(anonymous_2)
FNDA:3,(anonymous_3)
FNDA:1,(anonymous_4)
FNDA:0,(anonymous_5)
FNDA:1,(anonymous_6)
FNDA:3,(anonymous_7)
FNDA:2,(anonymous_8)
DA:1,1
DA:7,1
DA:8,1
DA:12,1
DA:13,5
DA:24,3
DA:27,1
DA:48,1
DA:56,1
DA:75,1
DA:76,1
DA:81,0
DA:82,0
DA:84,0
DA:90,0
DA:91,0
DA:97,0
DA:98,0
DA:100,0
DA:105,0
DA:109,0
DA:116,1
DA:138,3
DA:153,3
DA:154,1
DA:158,2
DA:160,2
DA:166,2
DA:167,1
DA:172,1
LF:30
LH:20
BRDA:75,0,0,1
BRDA:84,1,0,0
BRDA:84,1,1,0
BRDA:84,1,2,0
BRDA:84,1,3,0
BRDA:90,2,0,0
BRDA:90,3,0,0
BRDA:90,3,1,0
BRDA:153,4,0,1
BRDA:160,5,0,2
BRDA:160,5,1,1
BRDA:160,5,2,1
BRDA:160,5,3,1
BRDA:166,6,0,1
BRF:14
BRH:7
end_of_record
TN:
SF:src\attachments\dto\create-attachment.dto.ts
FNF:0
FNH:0
DA:3,0
LF:1
LH:0
BRF:0
BRH:0
end_of_record
TN:
SF:src\auth\auth.controller.ts
FN:9,(anonymous_4)
FN:12,(anonymous_5)
FN:17,(anonymous_6)
FN:23,(anonymous_7)
FNF:4
FNH:0
FNDA:0,(anonymous_4)
FNDA:0,(anonymous_5)
FNDA:0,(anonymous_6)
FNDA:0,(anonymous_7)
DA:1,0
DA:2,0
DA:3,0
DA:4,0
DA:5,0
DA:8,0
DA:9,0
DA:12,0
DA:13,0
DA:17,0
DA:18,0
DA:23,0
DA:24,0
LF:13
LH:0
BRF:0
BRH:0
end_of_record
TN:
SF:src\auth\auth.module.ts
FNF:0
FNH:0
DA:1,0
DA:2,0
DA:3,0
DA:4,0
DA:10,0
LF:5
LH:0
BRF:0
BRH:0
end_of_record
TN:
SF:src\auth\auth.service.ts
FN:7,(anonymous_2)
FN:9,(anonymous_3)
FN:27,(anonymous_4)
FN:37,(anonymous_5)
FN:57,(anonymous_6)
FNF:5
FNH:0
FNDA:0,(anonymous_2)
FNDA:0,(anonymous_3)
FNDA:0,(anonymous_4)
FNDA:0,(anonymous_5)
FNDA:0,(anonymous_6)
DA:1,0
DA:2,0
DA:3,0
DA:6,0
DA:7,0
DA:11,0
DA:12,0
DA:13,0
DA:17,0
DA:24,0
DA:29,0
DA:30,0
DA:31,0
DA:34,0
DA:38,0
DA:39,0
DA:48,0
DA:58,0
DA:59,0
DA:60,0
DA:62,0
LF:21
LH:0
BRDA:12,0,0,0
BRDA:20,1,0,0
BRDA:20,1,1,0
BRDA:30,2,0,0
BRDA:38,3,0,0
BRDA:38,3,1,0
BRDA:59,4,0,0
BRF:7
BRH:0
end_of_record
TN:
SF:src\auth\jwt-auth.guard.ts
FN:7,(anonymous_1)
FNF:1
FNH:0
FNDA:0,(anonymous_1)
DA:1,0
DA:3,0
DA:6,0
DA:8,0
DA:9,0
DA:11,0
DA:13,0
DA:14,0
DA:15,0
DA:16,0
DA:18,0
DA:19,0
DA:21,0
LF:13
LH:0
BRDA:11,0,0,0
BRDA:15,1,0,0
BRDA:15,1,1,0
BRF:3
BRH:0
end_of_record
TN:
SF:src\auth\dto\login.dto.ts
FNF:0
FNH:0
DA:1,0
DA:3,0
DA:4,0
DA:6,0
LF:4
LH:0
BRF:0
BRH:0
end_of_record
TN:
SF:src\auth\dto\register.dto.ts
FNF:0
FNH:0
DA:1,0
DA:3,0
DA:4,0
DA:6,0
DA:8,0
LF:5
LH:0
BRF:0
BRH:0
end_of_record
TN:
SF:src\boards\board-permissions.service.ts
FN:7,(anonymous_2)
FN:13,(anonymous_3)
FN:25,(anonymous_4)
FN:34,(anonymous_5)
FN:41,(anonymous_6)
FN:57,(anonymous_7)
FNF:6
FNH:0
FNDA:0,(anonymous_2)
FNDA:0,(anonymous_3)
FNDA:0,(anonymous_4)
FNDA:0,(anonymous_5)
FNDA:0,(anonymous_6)
FNDA:0,(anonymous_7)
DA:1,0
DA:3,0
DA:6,0
DA:7,0
DA:14,0
DA:18,0
DA:26,0
DA:35,0
DA:42,0
DA:47,0
DA:48,0
DA:51,0
DA:58,0
DA:63,0
DA:64,0
DA:67,0
LF:16
LH:0
BRDA:18,0,0,0
BRDA:18,0,1,0
BRDA:47,1,0,0
BRDA:63,2,0,0
BRF:4
BRH:0
end_of_record
TN:
SF:src\boards\boards.controller.ts
FN:28,(anonymous_4)
FN:34,(anonymous_5)
FN:39,(anonymous_6)
FN:45,(anonymous_7)
FN:51,(anonymous_8)
FN:57,(anonymous_9)
FN:67,(anonymous_10)
FN:73,(anonymous_11)
FNF:8
FNH:0
FNDA:0,(anonymous_4)
FNDA:0,(anonymous_5)
FNDA:0,(anonymous_6)
FNDA:0,(anonymous_7)
FNDA:0,(anonymous_8)
FNDA:0,(anonymous_9)
FNDA:0,(anonymous_10)
FNDA:0,(anonymous_11)
DA:1,0
DA:13,0
DA:14,0
DA:15,0
DA:17,0
DA:19,0
DA:20,0
DA:21,0
DA:23,0
DA:27,0
DA:29,0
DA:30,0
DA:34,0
DA:35,0
DA:39,0
DA:40,0
DA:45,0
DA:46,0
DA:51,0
DA:52,0
DA:57,0
DA:62,0
DA:67,0
DA:68,0
DA:73,0
DA:78,0
LF:26
LH:0
BRF:0
BRH:0
end_of_record
TN:
SF:src\boards\boards.gateway.ts
FN:31,(anonymous_4)
FN:40,(anonymous_5)
FN:44,(anonymous_6)
FN:49,(anonymous_7)
FN:55,(anonymous_8)
FN:65,(anonymous_9)
FN:81,(anonymous_10)
FN:96,(anonymous_11)
FN:129,(anonymous_12)
FN:150,(anonymous_13)
FN:154,(anonymous_14)
FN:158,(anonymous_15)
FN:162,(anonymous_16)
FN:166,(anonymous_17)
FN:170,(anonymous_18)
FN:174,(anonymous_19)
FN:178,(anonymous_20)
FN:182,(anonymous_21)
FN:186,(anonymous_22)
FNF:19
FNH:0
FNDA:0,(anonymous_4)
FNDA:0,(anonymous_5)
FNDA:0,(anonymous_6)
FNDA:0,(anonymous_7)
FNDA:0,(anonymous_8)
FNDA:0,(anonymous_9)
FNDA:0,(anonymous_10)
FNDA:0,(anonymous_11)
FNDA:0,(anonymous_12)
FNDA:0,(anonymous_13)
FNDA:0,(anonymous_14)
FNDA:0,(anonymous_15)
FNDA:0,(anonymous_16)
FNDA:0,(anonymous_17)
FNDA:0,(anonymous_18)
FNDA:0,(anonymous_19)
FNDA:0,(anonymous_20)
FNDA:0,(anonymous_21)
FNDA:0,(anonymous_22)
DA:1,0
DA:10,0
DA:11,0
DA:31,0
DA:33,0
DA:35,0
DA:38,0
DA:41,0
DA:45,0
DA:48,0
DA:49,0
DA:50,0
DA:51,0
DA:55,0
DA:56,0
DA:57,0
DA:58,0
DA:59,0
DA:65,0
DA:69,0
DA:70,0
DA:72,0
DA:73,0
DA:75,0
DA:77,0
DA:81,0
DA:85,0
DA:86,0
DA:88,0
DA:90,0
DA:92,0
DA:96,0
DA:100,0
DA:103,0
DA:105,0
DA:107,0
DA:115,0
DA:116,0
DA:119,0
DA:125,0
DA:129,0
DA:133,0
DA:135,0
DA:137,0
DA:138,0
DA:141,0
DA:143,0
DA:146,0
DA:151,0
DA:155,0
DA:159,0
DA:163,0
DA:167,0
DA:171,0
DA:175,0
DA:179,0
DA:183,0
DA:187,0
LF:58
LH:0
BRDA:50,0,0,0
BRDA:58,1,0,0
BRDA:105,2,0,0
BRDA:105,3,0,0
BRDA:105,3,1,0
BRDA:137,4,0,0
BRDA:137,5,0,0
BRDA:137,5,1,0
BRDA:27,6,0,0
BRDA:27,6,1,0
BRF:10
BRH:0
end_of_record
TN:
SF:src\boards\boards.module.ts
FNF:0
FNH:0
DA:1,0
DA:2,0
DA:3,0
DA:4,0
DA:5,0
DA:6,0
DA:7,0
DA:8,0
DA:9,0
DA:12,0
DA:27,0
LF:11
LH:0
BRF:0
BRH:0
end_of_record
TN:
SF:src\boards\boards.service.ts
FN:12,(anonymous_2)
FN:17,(anonymous_3)
FN:25,(anonymous_4)
FN:48,(anonymous_5)
FN:58,(anonymous_6)
FN:80,(anonymous_7)
FN:109,(anonymous_8)
FN:122,(anonymous_9)
FN:216,(anonymous_10)
FNF:9
FNH:8
FNDA:12,(anonymous_2)
FNDA:1,(anonymous_3)
FNDA:3,(anonymous_4)
FNDA:14,(anonymous_5)
FNDA:2,(anonymous_6)
FNDA:1,(anonymous_7)
FNDA:2,(anonymous_8)
FNDA:4,(anonymous_9)
FNDA:0,(anonymous_10)
DA:1,1
DA:3,1
DA:7,1
DA:8,1
DA:11,1
DA:13,12
DA:14,12
DA:18,1
DA:20,1
DA:22,1
DA:26,3
DA:28,3
DA:30,2
DA:34,2
DA:37,2
DA:47,2
DA:48,14
DA:55,2
DA:59,2
DA:61,2
DA:63,1
DA:71,1
DA:73,1
DA:82,1
DA:86,1
DA:87,0
DA:91,1
DA:109,2
DA:124,4
DA:128,4
DA:129,0
DA:133,4
DA:137,4
DA:138,1
DA:142,3
DA:149,3
DA:150,1
DA:154,2
DA:161,2
DA:162,1
DA:166,1
DA:184,1
DA:193,1
DA:202,1
DA:218,0
DA:222,0
DA:223,0
DA:226,0
DA:227,0
DA:231,0
DA:233,0
DA:234,0
DA:236,0
DA:237,0
DA:239,0
DA:240,0
DA:244,0
LF:57
LH:42
BRDA:20,0,0,0
BRDA:28,1,0,1
BRDA:61,2,0,1
BRDA:71,3,0,0
BRDA:86,4,0,0
BRDA:128,5,0,0
BRDA:137,6,0,1
BRDA:149,7,0,1
BRDA:161,8,0,1
BRDA:197,9,0,1
BRDA:197,9,1,0
BRDA:222,10,0,0
BRDA:226,11,0,0
BRDA:226,12,0,0
BRDA:226,12,1,0
BRDA:233,13,0,0
BRDA:236,14,0,0
BRDA:239,15,0,0
BRF:18
BRH:6
end_of_record
TN:
SF:src\boards\dto\create-board.dto.ts
FNF:0
FNH:0
DA:1,0
DA:3,0
DA:4,0
DA:6,0
LF:4
LH:0
BRF:0
BRH:0
end_of_record
TN:
SF:src\boards\dto\invite-member.dto.ts
FNF:0
FNH:0
DA:1,0
DA:2,0
DA:4,0
DA:7,0
DA:11,0
LF:5
LH:0
BRF:0
BRH:0
end_of_record
TN:
SF:src\boards\dto\update-board.dto.ts
FNF:0
FNH:0
DA:1,0
DA:3,0
DA:6,0
DA:10,0
DA:14,0
LF:5
LH:0
BRF:0
BRH:0
end_of_record
TN:
SF:src\boards\guards\board-admin.guard.ts
FN:9,(anonymous_2)
FN:11,(anonymous_3)
FNF:2
FNH:0
FNDA:0,(anonymous_2)
FNDA:0,(anonymous_3)
DA:1,0
DA:2,0
DA:8,0
DA:9,0
DA:12,0
DA:13,0
DA:14,0
DA:16,0
DA:17,0
DA:20,0
DA:22,0
DA:23,0
DA:27,0
DA:28,0
DA:31,0
LF:15
LH:0
BRDA:16,0,0,0
BRDA:16,1,0,0
BRDA:16,1,1,0
BRDA:22,2,0,0
BRDA:27,3,0,0
BRDA:27,4,0,0
BRDA:27,4,1,0
BRF:7
BRH:0
end_of_record
TN:
SF:src\boards\guards\board-read.guard.ts
FN:6,(anonymous_2)
FN:8,(anonymous_3)
FN:42,(anonymous_4)
FNF:3
FNH:0
FNDA:0,(anonymous_2)
FNDA:0,(anonymous_3)
FNDA:0,(anonymous_4)
DA:1,0
DA:2,0
DA:5,0
DA:6,0
DA:9,0
DA:10,0
DA:12,0
DA:13,0
DA:17,0
DA:19,0
DA:20,0
DA:24,0
DA:26,0
DA:27,0
DA:31,0
DA:32,0
DA:35,0
DA:44,0
DA:45,0
DA:47,0
DA:48,0
DA:50,0
DA:51,0
DA:53,0
DA:54,0
DA:58,0
DA:59,0
DA:60,0
DA:64,0
DA:65,0
DA:66,0
DA:70,0
DA:71,0
DA:72,0
DA:75,0
LF:35
LH:0
BRDA:12,0,0,0
BRDA:19,1,0,0
BRDA:26,2,0,0
BRDA:31,3,0,0
BRDA:44,4,0,0
BRDA:44,5,0,0
BRDA:44,5,1,0
BRDA:47,6,0,0
BRDA:50,7,0,0
BRDA:53,8,0,0
BRDA:58,9,0,0
BRDA:58,9,1,0
BRDA:59,10,0,0
BRDA:65,11,0,0
BRDA:65,12,0,0
BRDA:65,12,1,0
BRDA:71,13,0,0
BRDA:71,14,0,0
BRDA:71,14,1,0
BRF:19
BRH:0
end_of_record
TN:
SF:src\boards\guards\board-write.guard.ts
FN:6,(anonymous_2)
FN:8,(anonymous_3)
FN:42,(anonymous_4)
FNF:3
FNH:0
FNDA:0,(anonymous_2)
FNDA:0,(anonymous_3)
FNDA:0,(anonymous_4)
DA:1,0
DA:2,0
DA:5,0
DA:6,0
DA:9,0
DA:10,0
DA:12,0
DA:13,0
DA:17,0
DA:19,0
DA:20,0
DA:24,0
DA:26,0
DA:27,0
DA:31,0
DA:32,0
DA:35,0
DA:44,0
DA:45,0
DA:47,0
DA:48,0
DA:50,0
DA:51,0
DA:53,0
DA:54,0
DA:58,0
DA:59,0
DA:60,0
DA:64,0
DA:65,0
DA:66,0
DA:70,0
DA:71,0
DA:72,0
DA:75,0
LF:35
LH:0
BRDA:12,0,0,0
BRDA:19,1,0,0
BRDA:26,2,0,0
BRDA:31,3,0,0
BRDA:44,4,0,0
BRDA:44,5,0,0
BRDA:44,5,1,0
BRDA:47,6,0,0
BRDA:50,7,0,0
BRDA:53,8,0,0
BRDA:58,9,0,0
BRDA:58,9,1,0
BRDA:59,10,0,0
BRDA:65,11,0,0
BRDA:65,12,0,0
BRDA:65,12,1,0
BRDA:71,13,0,0
BRDA:71,14,0,0
BRDA:71,14,1,0
BRF:19
BRH:0
end_of_record
TN:
SF:src\cards\cards.controller.ts
FN:18,(anonymous_4)
FN:25,(anonymous_5)
FN:39,(anonymous_6)
FN:45,(anonymous_7)
FN:51,(anonymous_8)
FN:57,(anonymous_9)
FN:63,(anonymous_10)
FN:69,(anonymous_11)
FN:80,(anonymous_12)
FN:93,(anonymous_13)
FN:107,(anonymous_14)
FN:115,(anonymous_15)
FN:121,(anonymous_16)
FN:132,(anonymous_17)
FN:145,(anonymous_18)
FN:159,(anonymous_19)
FNF:16
FNH:0
FNDA:0,(anonymous_4)
FNDA:0,(anonymous_5)
FNDA:0,(anonymous_6)
FNDA:0,(anonymous_7)
FNDA:0,(anonymous_8)
FNDA:0,(anonymous_9)
FNDA:0,(anonymous_10)
FNDA:0,(anonymous_11)
FNDA:0,(anonymous_12)
FNDA:0,(anonymous_13)
FNDA:0,(anonymous_14)
FNDA:0,(anonymous_15)
FNDA:0,(anonymous_16)
FNDA:0,(anonymous_17)
FNDA:0,(anonymous_18)
FNDA:0,(anonymous_19)
DA:1,0
DA:2,0
DA:3,0
DA:4,0
DA:5,0
DA:6,0
DA:7,0
DA:8,0
DA:9,0
DA:10,0
DA:11,0
DA:12,0
DA:13,0
DA:17,0
DA:19,0
DA:20,0
DA:21,0
DA:25,0
DA:30,0
DA:39,0
DA:40,0
DA:45,0
DA:46,0
DA:51,0
DA:52,0
DA:57,0
DA:58,0
DA:63,0
DA:64,0
DA:69,0
DA:70,0
DA:80,0
DA:85,0
DA:93,0
DA:98,0
DA:107,0
DA:111,0
DA:115,0
DA:116,0
DA:121,0
DA:122,0
DA:132,0
DA:136,0
DA:145,0
DA:150,0
DA:159,0
DA:164,0
LF:47
LH:0
BRDA:32,0,0,0
BRDA:32,0,1,0
BRDA:33,1,0,0
BRDA:33,1,1,0
BRF:4
BRH:0
end_of_record
TN:
SF:src\cards\cards.module.ts
FNF:0
FNH:0
DA:1,0
DA:2,0
DA:3,0
DA:4,0
DA:5,0
DA:6,0
DA:7,0
DA:8,0
DA:16,0
LF:9
LH:0
BRF:0
BRH:0
end_of_record
TN:
SF:src\cards\cards.service.ts
FN:18,(anonymous_2)
FN:25,(anonymous_3)
FN:33,(anonymous_4)
FN:40,(anonymous_5)
FN:56,(anonymous_6)
FN:64,(anonymous_7)
FN:84,(anonymous_8)
FN:141,(anonymous_9)
FN:225,(anonymous_10)
FN:283,(anonymous_11)
FN:330,(anonymous_12)
FN:338,(anonymous_13)
FN:356,(anonymous_14)
FN:375,(anonymous_15)
FN:387,(anonymous_16)
FN:412,(anonymous_17)
FN:459,(anonymous_18)
FN:465,(anonymous_19)
FN:484,(anonymous_20)
FN:492,(anonymous_21)
FN:503,(anonymous_22)
FN:511,(anonymous_23)
FN:538,(anonymous_24)
FN:543,(anonymous_25)
FN:597,(anonymous_26)
FN:645,(anonymous_27)
FNF:26
FNH:12
FNDA:9,(anonymous_2)
FNDA:5,(anonymous_3)
FNDA:4,(anonymous_4)
FNDA:3,(anonymous_5)
FNDA:3,(anonymous_6)
FNDA:0,(anonymous_7)
FNDA:3,(anonymous_8)
FNDA:1,(anonymous_9)
FNDA:2,(anonymous_10)
FNDA:1,(anonymous_11)
FNDA:0,(anonymous_12)
FNDA:0,(anonymous_13)
FNDA:0,(anonymous_14)
FNDA:1,(anonymous_15)
FNDA:1,(anonymous_16)
FNDA:1,(anonymous_17)
FNDA:0,(anonymous_18)
FNDA:0,(anonymous_19)
FNDA:0,(anonymous_20)
FNDA:0,(anonymous_21)
FNDA:0,(anonymous_22)
FNDA:0,(anonymous_23)
FNDA:0,(anonymous_24)
FNDA:0,(anonymous_25)
FNDA:0,(anonymous_26)
FNDA:0,(anonymous_27)
DA:1,1
DA:6,1
DA:11,1
DA:12,1
DA:13,1
DA:14,1
DA:17,1
DA:19,9
DA:20,9
DA:21,9
DA:22,9
DA:26,5
DA:31,5
DA:33,5
DA:34,5
DA:35,1
DA:37,4
DA:41,3
DA:54,3
DA:56,3
DA:57,3
DA:58,0
DA:61,3
DA:65,0
DA:67,0
DA:85,3
DA:87,2
DA:92,2
DA:94,2
DA:111,2
DA:120,2
DA:129,2
DA:138,2
DA:142,1
DA:146,1
DA:149,1
DA:150,1
DA:152,1
DA:153,1
DA:156,1
DA:157,1
DA:159,1
DA:161,1
DA:163,1
DA:167,1
DA:171,0
DA:172,0
DA:176,1
DA:192,1
DA:193,1
DA:202,1
DA:212,1
DA:222,1
DA:226,2
DA:229,2
DA:230,0
DA:233,2
DA:252,2
DA:253,2
DA:262,2
DA:272,2
DA:280,2
DA:284,1
DA:286,1
DA:301,1
DA:310,1
DA:319,1
DA:327,1
DA:332,0
DA:336,0
DA:338,0
DA:339,0
DA:340,0
DA:343,0
DA:357,0
DA:359,0
DA:362,0
DA:369,0
DA:377,1
DA:385,1
DA:387,1
DA:388,1
DA:389,0
DA:393,1
DA:398,1
DA:401,1
DA:411,1
DA:412,1
DA:418,1
DA:425,1
DA:434,1
DA:443,1
DA:452,1
DA:460,0
DA:461,0
DA:465,0
DA:466,0
DA:477,0
DA:478,0
DA:482,0
DA:483,0
DA:484,0
DA:485,0
DA:486,0
DA:488,0
DA:492,0
DA:493,0
DA:498,0
DA:499,0
DA:502,0
DA:503,0
DA:504,0
DA:505,0
DA:507,0
DA:511,0
DA:512,0
DA:521,0
DA:524,0
DA:525,0
DA:532,0
DA:539,0
DA:542,0
DA:543,0
DA:545,0
DA:546,0
DA:550,0
DA:557,0
DA:558,0
DA:562,0
DA:576,0
DA:585,0
DA:591,0
DA:598,0
DA:601,0
DA:615,0
DA:616,0
DA:621,0
DA:623,0
DA:633,0
DA:639,0
DA:646,0
DA:648,0
DA:662,0
LF:143
LH:76
BRDA:31,0,0,0
BRDA:34,1,0,1
BRDA:34,2,0,5
BRDA:34,2,1,1
BRDA:54,3,0,0
BRDA:57,4,0,0
BRDA:57,5,0,3
BRDA:57,5,1,0
BRDA:92,6,0,1
BRDA:92,6,1,1
BRDA:146,7,0,0
BRDA:152,8,0,1
BRDA:152,9,0,1
BRDA:152,9,1,1
BRDA:156,10,0,1
BRDA:156,10,1,0
BRDA:161,11,0,1
BRDA:161,11,1,0
BRDA:167,12,0,1
BRDA:167,12,1,0
BRDA:171,13,0,0
BRDA:192,14,0,1
BRDA:229,15,0,0
BRDA:229,16,0,2
BRDA:229,16,1,0
BRDA:239,17,0,0
BRDA:239,17,1,2
BRDA:252,18,0,2
BRDA:252,19,0,2
BRDA:252,19,1,2
BRDA:336,20,0,0
BRDA:339,21,0,0
BRDA:339,22,0,0
BRDA:339,22,1,0
BRDA:385,23,0,0
BRDA:388,24,0,0
BRDA:388,25,0,1
BRDA:388,25,1,0
BRDA:398,26,0,1
BRDA:398,26,1,0
BRDA:411,27,0,1
BRDA:411,28,0,1
BRDA:411,28,1,1
BRDA:460,29,0,0
BRDA:460,30,0,0
BRDA:460,30,1,0
BRDA:477,31,0,0
BRDA:485,32,0,0
BRDA:485,33,0,0
BRDA:485,33,1,0
BRDA:498,34,0,0
BRDA:504,35,0,0
BRDA:504,36,0,0
BRDA:504,36,1,0
BRDA:545,37,0,0
BRDA:545,38,0,0
BRDA:545,38,1,0
BRDA:557,39,0,0
BRDA:615,40,0,0
BRDA:621,41,0,0
BRDA:621,41,1,0
BRDA:621,41,2,0
BRDA:662,42,0,0
BRDA:662,42,1,0
BRF:64
BRH:23
end_of_record
TN:
SF:src\cards\dto\assign-member.dto.ts
FNF:0
FNH:0
DA:1,0
DA:3,0
DA:6,0
LF:3
LH:0
BRF:0
BRH:0
end_of_record
TN:
SF:src\cards\dto\batch-move-cards.dto.ts
FN:18,(anonymous_2)
FNF:1
FNH:0
FNDA:0,(anonymous_2)
DA:1,0
DA:2,0
DA:4,0
DA:6,0
DA:9,0
DA:12,0
DA:15,0
DA:18,0
DA:19,0
DA:23,0
LF:10
LH:0
BRF:0
BRH:0
end_of_record
TN:
SF:src\cards\dto\create-card.dto.ts
FN:1,(anonymous_0)
FNF:1
FNH:0
FNDA:0,(anonymous_0)
DA:1,0
LF:1
LH:0
BRF:0
BRH:0
end_of_record
TN:
SF:src\cards\dto\move-card.dto.ts
FNF:0
FNH:0
DA:1,0
DA:3,0
DA:5,0
DA:9,0
DA:13,0
LF:5
LH:0
BRF:0
BRH:0
end_of_record
TN:
SF:src\cards\dto\update-card.dto.ts
FNF:0
FNH:0
DA:1,0
DA:3,0
DA:6,0
DA:10,0
DA:14,0
DA:18,0
DA:22,0
DA:26,0
DA:30,0
DA:34,0
DA:38,0
LF:11
LH:0
BRF:0
BRH:0
end_of_record
TN:
SF:src\checklists\checklists.controller.ts
FN:22,(anonymous_4)
FN:29,(anonymous_5)
FN:41,(anonymous_6)
FN:54,(anonymous_7)
FN:67,(anonymous_8)
FN:76,(anonymous_9)
FN:89,(anonymous_10)
FN:102,(anonymous_11)
FNF:8
FNH:0
FNDA:0,(anonymous_4)
FNDA:0,(anonymous_5)
FNDA:0,(anonymous_6)
FNDA:0,(anonymous_7)
FNDA:0,(anonymous_8)
FNDA:0,(anonymous_9)
FNDA:0,(anonymous_10)
FNDA:0,(anonymous_11)
DA:1,0
DA:12,0
DA:13,0
DA:14,0
DA:15,0
DA:16,0
DA:17,0
DA:21,0
DA:22,0
DA:29,0
DA:33,0
DA:41,0
DA:46,0
DA:54,0
DA:59,0
DA:67,0
DA:68,0
DA:76,0
DA:81,0
DA:89,0
DA:94,0
DA:102,0
DA:103,0
LF:23
LH:0
BRF:0
BRH:0
end_of_record
TN:
SF:src\checklists\checklists.module.ts
FNF:0
FNH:0
DA:1,0
DA:2,0
DA:3,0
DA:4,0
DA:11,0
LF:5
LH:0
BRF:0
BRH:0
end_of_record
TN:
SF:src\checklists\checklists.service.ts
FN:10,(anonymous_2)
FN:15,(anonymous_3)
FN:35,(anonymous_4)
FN:46,(anonymous_5)
FN:70,(anonymous_6)
FN:81,(anonymous_7)
FN:109,(anonymous_8)
FN:120,(anonymous_9)
FN:137,(anonymous_10)
FN:165,(anonymous_11)
FN:182,(anonymous_12)
FN:193,(anonymous_13)
FN:216,(anonymous_14)
FN:228,(anonymous_15)
FNF:14
FNH:0
FNDA:0,(anonymous_2)
FNDA:0,(anonymous_3)
FNDA:0,(anonymous_4)
FNDA:0,(anonymous_5)
FNDA:0,(anonymous_6)
FNDA:0,(anonymous_7)
FNDA:0,(anonymous_8)
FNDA:0,(anonymous_9)
FNDA:0,(anonymous_10)
FNDA:0,(anonymous_11)
FNDA:0,(anonymous_12)
FNDA:0,(anonymous_13)
FNDA:0,(anonymous_14)
FNDA:0,(anonymous_15)
DA:1,0
DA:2,0
DA:9,0
DA:10,0
DA:16,0
DA:31,0
DA:32,0
DA:35,0
DA:36,0
DA:37,0
DA:40,0
DA:47,0
DA:66,0
DA:67,0
DA:70,0
DA:71,0
DA:72,0
DA:75,0
DA:82,0
DA:105,0
DA:106,0
DA:109,0
DA:110,0
DA:111,0
DA:114,0
DA:121,0
DA:123,0
DA:138,0
DA:141,0
DA:146,0
DA:148,0
DA:166,0
DA:168,0
DA:183,0
DA:185,0
DA:194,0
DA:197,0
DA:202,0
DA:204,0
DA:217,0
DA:219,0
DA:229,0
DA:231,0
LF:43
LH:0
BRDA:31,0,0,0
BRDA:36,1,0,0
BRDA:66,2,0,0
BRDA:71,3,0,0
BRDA:105,4,0,0
BRDA:110,5,0,0
BRDA:146,6,0,0
BRDA:146,6,1,0
BRDA:202,7,0,0
BRDA:202,7,1,0
BRF:10
BRH:0
end_of_record
TN:
SF:src\checklists\dto\create-checklist-item.dto.ts
FNF:0
FNH:0
DA:1,0
DA:3,0
DA:6,0
LF:3
LH:0
BRF:0
BRH:0
end_of_record
TN:
SF:src\checklists\dto\create-checklist.dto.ts
FNF:0
FNH:0
DA:1,0
DA:3,0
DA:6,0
LF:3
LH:0
BRF:0
BRH:0
end_of_record
TN:
SF:src\checklists\dto\update-checklist-item.dto.ts
FNF:0
FNH:0
DA:1,0
DA:3,0
DA:6,0
DA:10,0
LF:4
LH:0
BRF:0
BRH:0
end_of_record
TN:
SF:src\checklists\dto\update-checklist.dto.ts
FNF:0
FNH:0
DA:1,0
DA:3,0
DA:6,0
LF:3
LH:0
BRF:0
BRH:0
end_of_record
TN:
SF:src\comments\comments.controller.ts
FN:10,(anonymous_4)
FN:13,(anonymous_5)
FN:18,(anonymous_6)
FN:27,(anonymous_7)
FN:36,(anonymous_8)
FNF:5
FNH:0
FNDA:0,(anonymous_4)
FNDA:0,(anonymous_5)
FNDA:0,(anonymous_6)
FNDA:0,(anonymous_7)
FNDA:0,(anonymous_8)
DA:1,0
DA:2,0
DA:3,0
DA:4,0
DA:5,0
DA:9,0
DA:10,0
DA:13,0
DA:14,0
DA:18,0
DA:23,0
DA:27,0
DA:32,0
DA:36,0
DA:37,0
LF:15
LH:0
BRF:0
BRH:0
end_of_record
TN:
SF:src\comments\comments.module.ts
FNF:0
FNH:0
DA:1,0
DA:2,0
DA:3,0
DA:4,0
DA:6,0
DA:13,0
LF:6
LH:0
BRF:0
BRH:0
end_of_record
TN:
SF:src\comments\comments.service.ts
FN:11,(anonymous_2)
FN:17,(anonymous_3)
FN:26,(anonymous_4)
FN:46,(anonymous_5)
FN:55,(anonymous_6)
FN:119,(anonymous_7)
FN:135,(anonymous_8)
FN:165,(anonymous_9)
FN:181,(anonymous_10)
FNF:9
FNH:7
FNDA:7,(anonymous_2)
FNDA:0,(anonymous_3)
FNDA:0,(anonymous_4)
FNDA:2,(anonymous_5)
FNDA:2,(anonymous_6)
FNDA:3,(anonymous_7)
FNDA:3,(anonymous_8)
FNDA:1,(anonymous_9)
FNDA:1,(anonymous_10)
DA:1,1
DA:2,1
DA:5,1
DA:6,1
DA:7,1
DA:10,1
DA:12,7
DA:13,7
DA:14,7
DA:19,0
DA:24,0
DA:26,0
DA:27,0
DA:28,0
DA:31,0
DA:48,2
DA:53,2
DA:55,2
DA:56,2
DA:57,1
DA:60,1
DA:78,1
DA:81,1
DA:82,0
DA:93,1
DA:94,1
DA:103,1
DA:116,1
DA:120,3
DA:128,3
DA:131,3
DA:132,3
DA:135,3
DA:136,3
DA:137,1
DA:140,3
DA:141,0
DA:144,3
DA:145,1
DA:148,2
DA:166,1
DA:174,1
DA:177,1
DA:178,1
DA:181,1
DA:182,1
DA:183,0
DA:186,1
DA:187,0
DA:190,1
DA:191,0
DA:194,1
LF:52
LH:41
BRDA:24,0,0,0
BRDA:27,1,0,0
BRDA:27,2,0,0
BRDA:27,2,1,0
BRDA:53,3,0,0
BRDA:56,4,0,1
BRDA:56,5,0,2
BRDA:56,5,1,1
BRDA:81,6,0,0
BRDA:128,7,0,0
BRDA:136,8,0,1
BRDA:136,9,0,3
BRDA:136,9,1,3
BRDA:136,9,2,2
BRDA:140,10,0,0
BRDA:144,11,0,1
BRDA:144,12,0,3
BRDA:144,12,1,2
BRDA:174,13,0,0
BRDA:182,14,0,0
BRDA:182,15,0,1
BRDA:182,15,1,1
BRDA:182,15,2,1
BRDA:186,16,0,0
BRDA:190,17,0,0
BRDA:190,18,0,1
BRDA:190,18,1,0
BRF:27
BRH:14
end_of_record
TN:
SF:src\comments\dto\create-comment.dto.ts
FNF:0
FNH:0
DA:1,0
DA:3,0
DA:6,0
LF:3
LH:0
BRF:0
BRH:0
end_of_record
TN:
SF:src\comments\dto\update-comment.dto.ts
FNF:0
FNH:0
DA:1,0
DA:3,0
DA:6,0
LF:3
LH:0
BRF:0
BRH:0
end_of_record
TN:
SF:src\config\multer.config.ts
FN:34,(anonymous_0)
FN:42,(anonymous_1)
FNF:2
FNH:0
FNDA:0,(anonymous_0)
FNDA:0,(anonymous_1)
DA:1,0
DA:2,0
DA:3,0
DA:7,0
DA:29,0
DA:31,0
DA:36,0
DA:37,0
DA:38,0
DA:39,0
DA:43,0
DA:44,0
DA:51,0
LF:13
LH:0
BRDA:43,0,0,0
BRF:1
BRH:0
end_of_record
TN:
SF:src\generated\prisma\browser.ts
FNF:0
FNH:0
DA:15,0
DA:16,0
DA:17,0
DA:18,0
LF:4
LH:0
BRF:0
BRH:0
end_of_record
TN:
SF:src\generated\prisma\client.ts
FNF:0
FNH:0
DA:12,0
DA:13,0
DA:17,0
DA:18,0
DA:20,0
DA:21,0
DA:35,0
DA:37,0
DA:41,0
DA:42,0
LF:10
LH:0
BRF:0
BRH:0
end_of_record
TN:
SF:src\generated\prisma\enums.ts
FNF:0
FNH:0
DA:11,0
DA:21,0
LF:2
LH:0
BRF:0
BRH:0
end_of_record
TN:
SF:src\generated\prisma\internal\class.ts
FN:264,getPrismaClientClass
FNF:1
FNH:0
FNDA:0,getPrismaClientClass
DA:13,0
DA:17,0
DA:68,0
DA:69,0
DA:70,0
DA:264,0
DA:265,0
DA:266,0
LF:8
LH:0
BRF:0
BRH:0
end_of_record
TN:
SF:src\generated\prisma\internal\prismaNamespace.ts
FNF:0
FNH:0
DA:17,0
DA:31,0
DA:34,0
DA:37,0
DA:40,0
DA:43,0
DA:49,0
DA:50,0
DA:51,0
DA:52,0
DA:53,0
DA:61,0
DA:78,0
DA:93,0
DA:111,0
DA:121,0
DA:127,0
DA:133,0
DA:391,0
DA:890,0
DA:900,0
DA:911,0
DA:923,0
DA:934,0
DA:947,0
DA:957,0
DA:968,0
DA:976,0
DA:984,0
DA:1103,0
LF:30
LH:0
BRF:0
BRH:0
end_of_record
TN:
SF:src\generated\prisma\internal\prismaNamespaceBrowser.ts
FNF:0
FNH:0
DA:17,0
DA:22,0
DA:25,0
DA:35,0
DA:41,0
DA:47,0
DA:50,0
DA:65,0
DA:75,0
DA:86,0
DA:98,0
DA:109,0
DA:122,0
DA:132,0
DA:143,0
DA:151,0
DA:159,0
LF:17
LH:0
BRF:0
BRH:0
end_of_record
TN:
SF:src\labels\labels.controller.ts
FN:13,(anonymous_4)
FN:22,(anonymous_5)
FN:31,(anonymous_6)
FN:46,(anonymous_7)
FN:59,(anonymous_8)
FN:69,(anonymous_9)
FN:82,(anonymous_10)
FNF:7
FNH:0
FNDA:0,(anonymous_4)
FNDA:0,(anonymous_5)
FNDA:0,(anonymous_6)
FNDA:0,(anonymous_7)
FNDA:0,(anonymous_8)
FNDA:0,(anonymous_9)
FNDA:0,(anonymous_10)
DA:1,0
DA:3,0
DA:5,0
DA:7,0
DA:8,0
DA:12,0
DA:13,0
DA:22,0
DA:23,0
DA:31,0
DA:36,0
DA:46,0
DA:51,0
DA:59,0
DA:60,0
DA:69,0
DA:74,0
DA:82,0
DA:87,0
LF:19
LH:0
BRF:0
BRH:0
end_of_record
TN:
SF:src\labels\labels.module.ts
FNF:0
FNH:0
DA:1,0
DA:2,0
DA:3,0
DA:4,0
DA:6,0
DA:7,0
DA:15,0
LF:7
LH:0
BRF:0
BRH:0
end_of_record
TN:
SF:src\labels\labels.service.ts
FN:17,(anonymous_2)
FN:28,(anonymous_3)
FN:96,(anonymous_4)
FN:114,(anonymous_5)
FN:126,(anonymous_6)
FN:141,(anonymous_7)
FN:161,(anonymous_8)
FN:186,(anonymous_9)
FNF:8
FNH:0
FNDA:0,(anonymous_2)
FNDA:0,(anonymous_3)
FNDA:0,(anonymous_4)
FNDA:0,(anonymous_5)
FNDA:0,(anonymous_6)
FNDA:0,(anonymous_7)
FNDA:0,(anonymous_8)
FNDA:0,(anonymous_9)
DA:1,0
DA:7,0
DA:8,0
DA:9,0
DA:10,0
DA:16,0
DA:18,0
DA:19,0
DA:20,0
DA:30,0
DA:39,0
DA:40,0
DA:43,0
DA:44,0
DA:47,0
DA:51,0
DA:52,0
DA:55,0
DA:56,0
DA:62,0
DA:66,0
DA:67,0
DA:71,0
DA:75,0
DA:84,0
DA:92,0
DA:100,0
DA:104,0
DA:105,0
DA:115,0
DA:117,0
DA:127,0
DA:129,0
DA:142,0
DA:146,0
DA:147,0
DA:150,0
DA:152,0
DA:162,0
DA:166,0
DA:167,0
DA:170,0
DA:172,0
DA:176,0
DA:188,0
DA:197,0
DA:198,0
DA:201,0
DA:202,0
DA:205,0
DA:209,0
DA:210,0
DA:214,0
DA:219,0
DA:223,0
DA:225,0
DA:234,0
LF:57
LH:0
BRDA:39,0,0,0
BRDA:51,1,0,0
BRDA:55,2,0,0
BRDA:66,3,0,0
BRDA:104,4,0,0
BRDA:146,5,0,0
BRDA:166,6,0,0
BRDA:197,7,0,0
BRDA:209,8,0,0
BRDA:223,9,0,0
BRF:10
BRH:0
end_of_record
TN:
SF:src\labels\dto\assign-label.dto.ts
FNF:0
FNH:0
DA:1,0
DA:3,0
DA:6,0
LF:3
LH:0
BRF:0
BRH:0
end_of_record
TN:
SF:src\labels\dto\update-label.dto.ts
FNF:0
FNH:0
DA:1,0
DA:3,0
DA:6,0
DA:11,0
LF:4
LH:0
BRF:0
BRH:0
end_of_record
TN:
SF:src\lists\lists.controller.ts
FN:18,(anonymous_4)
FN:22,(anonymous_5)
FN:28,(anonymous_6)
FN:34,(anonymous_7)
FN:40,(anonymous_8)
FN:46,(anonymous_9)
FN:52,(anonymous_10)
FN:58,(anonymous_11)
FNF:8
FNH:0
FNDA:0,(anonymous_4)
FNDA:0,(anonymous_5)
FNDA:0,(anonymous_6)
FNDA:0,(anonymous_7)
FNDA:0,(anonymous_8)
FNDA:0,(anonymous_9)
FNDA:0,(anonymous_10)
FNDA:0,(anonymous_11)
DA:1,0
DA:3,0
DA:4,0
DA:5,0
DA:7,0
DA:9,0
DA:11,0
DA:12,0
DA:13,0
DA:17,0
DA:18,0
DA:22,0
DA:23,0
DA:28,0
DA:29,0
DA:34,0
DA:35,0
DA:40,0
DA:41,0
DA:46,0
DA:47,0
DA:52,0
DA:53,0
DA:58,0
DA:59,0
LF:25
LH:0
BRF:0
BRH:0
end_of_record
TN:
SF:src\lists\lists.module.ts
FNF:0
FNH:0
DA:1,0
DA:2,0
DA:3,0
DA:4,0
DA:5,0
DA:13,0
LF:6
LH:0
BRF:0
BRH:0
end_of_record
TN:
SF:src\lists\lists.service.ts
FN:9,(anonymous_2)
FN:14,(anonymous_3)
FN:20,(anonymous_4)
FN:29,(anonymous_5)
FN:39,(anonymous_6)
FN:56,(anonymous_7)
FN:71,(anonymous_8)
FN:96,(anonymous_9)
FN:115,(anonymous_10)
FN:136,(anonymous_11)
FN:145,(anonymous_12)
FN:158,(anonymous_13)
FNF:12
FNH:8
FNDA:9,(anonymous_2)
FNDA:8,(anonymous_3)
FNDA:1,(anonymous_4)
FNDA:4,(anonymous_5)
FNDA:1,(anonymous_6)
FNDA:1,(anonymous_7)
FNDA:1,(anonymous_8)
FNDA:1,(anonymous_9)
FNDA:0,(anonymous_10)
FNDA:0,(anonymous_11)
FNDA:0,(anonymous_12)
FNDA:0,(anonymous_13)
DA:1,1
DA:3,1
DA:4,1
DA:8,1
DA:10,9
DA:11,9
DA:15,8
DA:17,8
DA:21,1
DA:23,1
DA:30,4
DA:32,3
DA:34,3
DA:36,3
DA:37,2
DA:39,1
DA:40,1
DA:41,1
DA:44,3
DA:47,3
DA:53,3
DA:57,1
DA:59,1
DA:62,1
DA:68,1
DA:73,1
DA:74,1
DA:76,1
DA:78,1
DA:87,1
DA:93,1
DA:98,1
DA:99,1
DA:101,1
DA:104,1
DA:107,1
DA:112,1
DA:116,0
DA:117,0
DA:119,0
DA:121,0
DA:124,0
DA:129,0
DA:137,0
DA:138,0
DA:142,0
DA:145,0
DA:146,0
DA:153,0
DA:154,0
DA:158,0
DA:159,0
DA:165,0
DA:168,0
DA:176,0
LF:55
LH:37
BRDA:17,0,0,1
BRDA:20,1,0,1
BRDA:36,2,0,1
BRDA:36,2,1,2
BRDA:37,3,0,1
BRDA:37,3,1,1
BRDA:40,4,0,0
BRDA:40,4,1,1
BRDA:40,5,0,1
BRDA:40,5,1,1
BRDA:74,6,0,0
BRDA:81,7,0,1
BRDA:81,7,1,0
BRDA:82,8,0,1
BRDA:82,8,1,1
BRDA:99,9,0,0
BRDA:117,10,0,0
BRDA:137,11,0,0
BRDA:137,12,0,0
BRDA:137,12,1,0
BRDA:153,13,0,0
BRF:21
BRH:12
end_of_record
TN:
SF:src\lists\dto\batch-move-lists.dto.ts
FN:18,(anonymous_2)
FNF:1
FNH:0
FNDA:0,(anonymous_2)
DA:1,0
DA:2,0
DA:4,0
DA:6,0
DA:9,0
DA:12,0
DA:14,0
DA:18,0
DA:19,0
LF:9
LH:0
BRF:0
BRH:0
end_of_record
TN:
SF:src\lists\dto\create-list.dto.ts
FN:1,(anonymous_0)
FNF:1
FNH:0
FNDA:0,(anonymous_0)
DA:1,0
LF:1
LH:0
BRF:0
BRH:0
end_of_record
TN:
SF:src\lists\dto\move-list.dto.ts
FNF:0
FNH:0
DA:2,0
DA:4,0
DA:5,0
DA:7,0
DA:9,0
LF:5
LH:0
BRF:0
BRH:0
end_of_record
TN:
SF:src\lists\dto\update-list.dto.ts
FNF:0
FNH:0
DA:1,0
DA:3,0
DA:7,0
DA:11,0
LF:4
LH:0
BRF:0
BRH:0
end_of_record
TN:
SF:src\notifications\notifications.controller.ts
FN:19,(anonymous_4)
FN:26,(anonymous_5)
FN:46,(anonymous_6)
FN:62,(anonymous_7)
FN:74,(anonymous_8)
FN:87,(anonymous_9)
FN:100,(anonymous_10)
FN:113,(anonymous_11)
FNF:8
FNH:0
FNDA:0,(anonymous_4)
FNDA:0,(anonymous_5)
FNDA:0,(anonymous_6)
FNDA:0,(anonymous_7)
FNDA:0,(anonymous_8)
FNDA:0,(anonymous_9)
FNDA:0,(anonymous_10)
FNDA:0,(anonymous_11)
DA:1,0
DA:13,0
DA:14,0
DA:18,0
DA:19,0
DA:26,0
DA:33,0
DA:46,0
DA:50,0
DA:54,0
DA:62,0
DA:63,0
DA:74,0
DA:75,0
DA:79,0
DA:87,0
DA:91,0
DA:92,0
DA:100,0
DA:101,0
DA:105,0
DA:113,0
DA:114,0
DA:115,0
LF:24
LH:0
BRF:0
BRH:0
end_of_record
TN:
SF:src\notifications\notifications.module.ts
FN:8,(anonymous_1)
FNF:1
FNH:0
FNDA:0,(anonymous_1)
DA:1,0
DA:2,0
DA:3,0
DA:4,0
DA:5,0
DA:8,0
DA:16,0
LF:7
LH:0
BRF:0
BRH:0
end_of_record
TN:
SF:src\notifications\notifications.service.ts
FN:24,(anonymous_4)
FN:33,(anonymous_5)
FN:77,(anonymous_6)
FN:97,(anonymous_7)
FN:114,(anonymous_8)
FN:122,(anonymous_9)
FN:139,(anonymous_10)
FN:171,(anonymous_11)
FN:180,(anonymous_12)
FN:207,(anonymous_13)
FN:212,(anonymous_14)
FN:218,(anonymous_15)
FN:242,(anonymous_16)
FN:253,(anonymous_17)
FN:302,(anonymous_18)
FN:336,(anonymous_19)
FN:351,(anonymous_20)
FN:369,(anonymous_21)
FN:381,(anonymous_22)
FN:393,(anonymous_23)
FN:26,(anonymous_24)
FNF:21
FNH:0
FNDA:0,(anonymous_4)
FNDA:0,(anonymous_5)
FNDA:0,(anonymous_6)
FNDA:0,(anonymous_7)
FNDA:0,(anonymous_8)
FNDA:0,(anonymous_9)
FNDA:0,(anonymous_10)
FNDA:0,(anonymous_11)
FNDA:0,(anonymous_12)
FNDA:0,(anonymous_13)
FNDA:0,(anonymous_14)
FNDA:0,(anonymous_15)
FNDA:0,(anonymous_16)
FNDA:0,(anonymous_17)
FNDA:0,(anonymous_18)
FNDA:0,(anonymous_19)
FNDA:0,(anonymous_20)
FNDA:0,(anonymous_21)
FNDA:0,(anonymous_22)
FNDA:0,(anonymous_23)
FNDA:0,(anonymous_24)
DA:1,3
DA:2,3
DA:3,3
DA:4,3
DA:23,3
DA:25,0
DA:26,0
DA:27,0
DA:34,0
DA:61,0
DA:71,0
DA:85,0
DA:96,0
DA:98,0
DA:108,0
DA:121,0
DA:123,0
DA:133,0
DA:147,0
DA:148,0
DA:151,0
DA:156,0
DA:157,0
DA:159,0
DA:180,0
DA:182,0
DA:183,0
DA:186,0
DA:191,0
DA:192,0
DA:193,0
DA:195,0
DA:209,0
DA:210,0
DA:212,0
DA:225,0
DA:234,0
DA:235,0
DA:238,0
DA:239,0
DA:241,0
DA:242,0
DA:254,0
DA:256,0
DA:257,0
DA:260,0
DA:261,0
DA:264,0
DA:292,0
DA:303,0
DA:326,0
DA:327,0
DA:330,0
DA:337,0
DA:352,0
DA:354,0
DA:355,0
DA:358,0
DA:370,0
DA:382,0
DA:394,0
DA:396,0
DA:397,0
DA:400,0
LF:64
LH:5
BRDA:147,0,0,0
BRDA:156,1,0,0
BRDA:156,1,1,0
BRDA:156,1,2,0
BRDA:182,2,0,0
BRDA:191,3,0,0
BRDA:191,3,1,0
BRDA:191,3,2,0
BRDA:192,4,0,0
BRDA:192,4,1,0
BRDA:192,5,0,0
BRDA:192,5,1,0
BRDA:210,6,0,0
BRDA:210,6,1,0
BRDA:234,7,0,0
BRDA:234,8,0,0
BRDA:234,8,1,0
BRDA:256,9,0,0
BRDA:260,10,0,0
BRDA:286,11,0,0
BRDA:286,11,1,0
BRDA:287,12,0,0
BRDA:287,12,1,0
BRDA:295,13,0,0
BRDA:295,13,1,0
BRDA:326,14,0,0
BRDA:354,15,0,0
BRDA:396,16,0,0
BRF:28
BRH:0
end_of_record
TN:
SF:src\search\search.controller.ts
FN:10,(anonymous_4)
FN:13,(anonymous_5)
FNF:2
FNH:0
FNDA:0,(anonymous_4)
FNDA:0,(anonymous_5)
DA:2,0
DA:3,0
DA:4,0
DA:9,0
DA:10,0
DA:13,0
DA:17,0
DA:18,0
LF:8
LH:0
BRF:0
BRH:0
end_of_record
TN:
SF:src\search\search.module.ts
FNF:0
FNH:0
DA:2,0
DA:3,0
DA:4,0
DA:5,0
DA:11,0
LF:5
LH:0
BRF:0
BRH:0
end_of_record
TN:
SF:src\search\search.service.ts
FN:13,(anonymous_2)
FN:15,(anonymous_3)
FNF:2
FNH:2
FNDA:5,(anonymous_2)
FNDA:4,(anonymous_3)
DA:2,1
DA:3,1
DA:12,1
DA:13,5
DA:16,4
DA:18,4
DA:19,1
DA:22,3
DA:25,3
DA:33,3
DA:78,3
DA:122,3
DA:123,3
DA:124,2
DA:148,3
LF:15
LH:15
BRDA:18,0,0,1
BRDA:18,1,0,4
BRDA:18,1,1,3
BRDA:42,2,0,1
BRDA:42,2,1,2
BRDA:43,3,0,1
BRDA:43,3,1,2
BRDA:85,4,0,1
BRDA:85,4,1,2
BRDA:86,5,0,1
BRDA:86,5,1,2
BRDA:123,6,0,2
BRF:12
BRH:12
end_of_record
TN:
SF:src\websockets\index.ts
FNF:0
FNH:0
DA:1,0
DA:2,0
LF:2
LH:0
BRF:0
BRH:0
end_of_record
TN:
SF:src\websockets\websockets.gateway.ts
FN:92,(anonymous_4)
FN:157,(anonymous_5)
FN:177,(anonymous_6)
FN:181,(anonymous_7)
FN:185,(anonymous_8)
FN:216,(anonymous_9)
FN:218,(anonymous_10)
FN:224,(anonymous_11)
FN:236,(anonymous_12)
FN:258,(anonymous_13)
FN:282,(anonymous_14)
FN:304,(anonymous_15)
FN:330,(anonymous_16)
FN:362,(anonymous_17)
FN:387,(anonymous_18)
FN:395,(anonymous_19)
FN:402,(anonymous_20)
FN:409,(anonymous_21)
FN:421,(anonymous_22)
FN:429,(anonymous_23)
FN:435,(anonymous_24)
FN:446,(anonymous_25)
FN:455,(anonymous_26)
FN:456,(anonymous_27)
FN:464,(anonymous_28)
FN:472,(anonymous_29)
FN:479,(anonymous_30)
FN:486,(anonymous_31)
FN:495,(anonymous_32)
FN:504,(anonymous_33)
FN:516,(anonymous_34)
FN:523,(anonymous_35)
FN:531,(anonymous_36)
FNF:33
FNH:1
FNDA:4,(anonymous_4)
FNDA:0,(anonymous_5)
FNDA:0,(anonymous_6)
FNDA:0,(anonymous_7)
FNDA:0,(anonymous_8)
FNDA:0,(anonymous_9)
FNDA:0,(anonymous_10)
FNDA:0,(anonymous_11)
FNDA:0,(anonymous_12)
FNDA:0,(anonymous_13)
FNDA:0,(anonymous_14)
FNDA:0,(anonymous_15)
FNDA:0,(anonymous_16)
FNDA:0,(anonymous_17)
FNDA:0,(anonymous_18)
FNDA:0,(anonymous_19)
FNDA:0,(anonymous_20)
FNDA:0,(anonymous_21)
FNDA:0,(anonymous_22)
FNDA:0,(anonymous_23)
FNDA:0,(anonymous_24)
FNDA:0,(anonymous_25)
FNDA:0,(anonymous_26)
FNDA:0,(anonymous_27)
FNDA:0,(anonymous_28)
FNDA:0,(anonymous_29)
FNDA:0,(anonymous_30)
FNDA:0,(anonymous_31)
FNDA:0,(anonymous_32)
FNDA:0,(anonymous_33)
FNDA:0,(anonymous_34)
FNDA:0,(anonymous_35)
FNDA:0,(anonymous_36)
DA:1,4
DA:11,4
DA:12,4
DA:92,4
DA:94,4
DA:95,4
DA:96,4
DA:97,4
DA:100,4
DA:101,4
DA:102,4
DA:103,4
DA:106,4
DA:107,4
DA:108,4
DA:109,4
DA:112,4
DA:113,4
DA:114,4
DA:117,4
DA:120,4
DA:123,4
DA:124,4
DA:125,4
DA:128,4
DA:129,4
DA:130,4
DA:133,4
DA:134,4
DA:137,4
DA:138,4
DA:141,4
DA:142,4
DA:143,4
DA:144,4
DA:157,4
DA:161,4
DA:163,0
DA:166,0
DA:169,0
DA:175,0
DA:178,0
DA:182,0
DA:186,0
DA:189,0
DA:190,0
DA:191,0
DA:192,0
DA:193,0
DA:194,0
DA:195,0
DA:201,0
DA:202,0
DA:203,0
DA:204,0
DA:205,0
DA:206,0
DA:207,0
DA:213,0
DA:217,0
DA:218,0
DA:219,0
DA:220,0
DA:224,0
DA:225,0
DA:226,0
DA:227,0
DA:228,0
DA:236,4
DA:240,0
DA:241,0
DA:243,0
DA:244,0
DA:247,0
DA:248,0
DA:250,0
DA:252,0
DA:254,0
DA:258,4
DA:262,0
DA:263,0
DA:265,0
DA:268,0
DA:269,0
DA:270,0
DA:271,0
DA:272,0
DA:276,0
DA:278,0
DA:282,4
DA:286,0
DA:287,0
DA:289,0
DA:290,0
DA:293,0
DA:294,0
DA:296,0
DA:298,0
DA:300,0
DA:304,4
DA:308,0
DA:309,0
DA:311,0
DA:314,0
DA:315,0
DA:316,0
DA:317,0
DA:318,0
DA:322,0
DA:324,0
DA:330,4
DA:334,0
DA:337,0
DA:339,0
DA:340,0
DA:348,0
DA:349,0
DA:352,0
DA:358,0
DA:362,4
DA:366,0
DA:368,0
DA:370,0
DA:371,0
DA:374,0
DA:376,0
DA:379,0
DA:388,0
DA:389,0
DA:391,0
DA:392,0
DA:396,0
DA:397,0
DA:398,0
DA:399,0
DA:403,0
DA:404,0
DA:405,0
DA:406,0
DA:410,0
DA:411,0
DA:412,0
DA:413,0
DA:422,0
DA:423,0
DA:425,0
DA:426,0
DA:430,0
DA:431,0
DA:432,0
DA:436,0
DA:437,0
DA:438,0
DA:447,0
DA:448,0
DA:449,0
DA:456,0
DA:457,0
DA:465,0
DA:466,0
DA:467,0
DA:473,0
DA:474,0
DA:475,0
DA:476,0
DA:480,0
DA:481,0
DA:482,0
DA:483,0
DA:487,0
DA:488,0
DA:489,0
DA:490,0
DA:496,0
DA:497,0
DA:498,0
DA:499,0
DA:505,0
DA:506,0
DA:507,0
DA:508,0
DA:517,0
DA:524,0
DA:525,0
DA:532,0
LF:185
LH:43
BRDA:92,0,0,4
BRDA:92,0,1,4
BRDA:190,1,0,0
BRDA:192,2,0,0
BRDA:194,3,0,0
BRDA:202,4,0,0
BRDA:204,5,0,0
BRDA:206,6,0,0
BRDA:219,7,0,0
BRDA:227,8,0,0
BRDA:247,9,0,0
BRDA:269,10,0,0
BRDA:271,11,0,0
BRDA:293,12,0,0
BRDA:315,13,0,0
BRDA:317,14,0,0
BRDA:339,15,0,0
BRDA:339,16,0,0
BRDA:339,16,1,0
BRDA:370,17,0,0
BRDA:370,18,0,0
BRDA:370,18,1,0
BRDA:517,19,0,0
BRDA:517,19,1,0
BRDA:525,20,0,0
BRDA:525,20,1,0
BRDA:532,21,0,0
BRDA:532,21,1,0
BRDA:151,22,0,4
BRDA:151,22,1,4
BRF:30
BRH:4
end_of_record
TN:
SF:src\websockets\websockets.module.ts
FNF:0
FNH:0
DA:1,0
DA:2,0
DA:9,0
LF:3
LH:0
BRF:0
BRH:0
end_of_record
TN:
SF:src\workspaces\workspaces.controller.ts
FN:15,(anonymous_4)
FN:18,(anonymous_5)
FN:21,(anonymous_6)
FN:26,(anonymous_7)
FN:31,(anonymous_8)
FN:36,(anonymous_9)
FN:46,(anonymous_10)
FNF:7
FNH:0
FNDA:0,(anonymous_4)
FNDA:0,(anonymous_5)
FNDA:0,(anonymous_6)
FNDA:0,(anonymous_7)
FNDA:0,(anonymous_8)
FNDA:0,(anonymous_9)
FNDA:0,(anonymous_10)
DA:2,0
DA:4,0
DA:6,0
DA:8,0
DA:10,0
DA:14,0
DA:15,0
DA:18,0
DA:21,0
DA:22,0
DA:26,0
DA:27,0
DA:31,0
DA:32,0
DA:36,0
DA:42,0
DA:46,0
DA:51,0
LF:18
LH:0
BRF:0
BRH:0
end_of_record
TN:
SF:src\workspaces\workspaces.module.ts
FNF:0
FNH:0
DA:1,0
DA:2,0
DA:3,0
DA:4,0
DA:10,0
LF:5
LH:0
BRF:0
BRH:0
end_of_record
TN:
SF:src\workspaces\workspaces.service.ts
FN:10,(anonymous_2)
FN:12,(anonymous_3)
FN:19,(anonymous_4)
FN:20,(anonymous_5)
FN:36,(anonymous_6)
FN:47,(anonymous_7)
FN:64,(anonymous_8)
FN:93,(anonymous_9)
FNF:8
FNH:0
FNDA:0,(anonymous_2)
FNDA:0,(anonymous_3)
FNDA:0,(anonymous_4)
FNDA:0,(anonymous_5)
FNDA:0,(anonymous_6)
FNDA:0,(anonymous_7)
FNDA:0,(anonymous_8)
FNDA:0,(anonymous_9)
DA:2,0
DA:4,0
DA:9,0
DA:10,0
DA:13,0
DA:20,0
DA:21,0
DA:25,0
DA:29,0
DA:37,0
DA:39,0
DA:41,0
DA:49,0
DA:51,0
DA:53,0
DA:55,0
DA:57,0
DA:66,0
DA:67,0
DA:68,0
DA:72,0
DA:77,0
DA:78,0
DA:82,0
DA:83,0
DA:86,0
DA:95,0
DA:96,0
DA:97,0
DA:101,0
DA:105,0
DA:106,0
DA:110,0
DA:111,0
DA:114,0
DA:118,0
LF:36
LH:0
BRDA:39,0,0,0
BRDA:51,1,0,0
BRDA:51,2,0,0
BRDA:51,2,1,0
BRDA:55,3,0,0
BRDA:67,4,0,0
BRDA:67,5,0,0
BRDA:67,5,1,0
BRDA:77,6,0,0
BRDA:77,7,0,0
BRDA:77,7,1,0
BRDA:82,8,0,0
BRDA:96,9,0,0
BRDA:96,10,0,0
BRDA:96,10,1,0
BRDA:105,11,0,0
BRDA:105,12,0,0
BRDA:105,12,1,0
BRDA:110,13,0,0
BRF:19
BRH:0
end_of_record
TN:
SF:src\workspaces\dto\create-workspace.dto.ts
FNF:0
FNH:0
DA:2,0
DA:4,0
DA:5,0
DA:7,0
LF:4
LH:0
BRF:0
BRH:0
end_of_record
TN:
SF:src\workspaces\dto\invite-member.dto.ts
FN:4,(anonymous_2)
FNF:1
FNH:0
FNDA:0,(anonymous_2)
DA:2,0
DA:4,0
DA:6,0
DA:7,0
DA:9,0
LF:5
LH:0
BRDA:4,0,0,0
BRDA:4,0,1,0
BRF:2
BRH:0
end_of_record
TN:
SF:src\workspaces\dto\update-member-role.dto.ts
FNF:0
FNH:0
DA:1,0
DA:3,0
DA:5,0
LF:3
LH:0
BRF:0
BRH:0
end_of_record
